2025-11-02 00:03:49 [HikariPool-1 housekeeper] WARN  com.zaxxer.hikari.pool.HikariPool - HikariPool-1 - Thread starvation or clock leap detected (housekeeper delta=45m938ms).
2025-11-02 00:31:08 [HikariPool-1 housekeeper] WARN  com.zaxxer.hikari.pool.HikariPool - HikariPool-1 - Thread starvation or clock leap detected (housekeeper delta=27m18s904ms).
2025-11-02 00:48:49 [HikariPool-1 housekeeper] WARN  com.zaxxer.hikari.pool.HikariPool - HikariPool-1 - Thread starvation or clock leap detected (housekeeper delta=17m40s919ms).
2025-11-02 01:01:16 [HikariPool-1 housekeeper] WARN  com.zaxxer.hikari.pool.HikariPool - HikariPool-1 - Thread starvation or clock leap detected (housekeeper delta=12m26s942ms).
2025-11-02 01:31:17 [HikariPool-1 housekeeper] WARN  com.zaxxer.hikari.pool.HikariPool - HikariPool-1 - Thread starvation or clock leap detected (housekeeper delta=29m31s345ms).
2025-11-02 01:55:42 [HikariPool-1 housekeeper] WARN  com.zaxxer.hikari.pool.HikariPool - HikariPool-1 - Thread starvation or clock leap detected (housekeeper delta=23m54s354ms).
2025-11-02 02:31:07 [HikariPool-1 housekeeper] WARN  com.zaxxer.hikari.pool.HikariPool - HikariPool-1 - Thread starvation or clock leap detected (housekeeper delta=35m25s631ms).
2025-11-02 03:17:07 [HikariPool-1 housekeeper] WARN  com.zaxxer.hikari.pool.HikariPool - HikariPool-1 - Thread starvation or clock leap detected (housekeeper delta=44m59s779ms).
2025-11-02 03:31:26 [HikariPool-1 housekeeper] WARN  com.zaxxer.hikari.pool.HikariPool - HikariPool-1 - Thread starvation or clock leap detected (housekeeper delta=14m19s267ms).
2025-11-02 04:11:34 [HikariPool-1 housekeeper] WARN  com.zaxxer.hikari.pool.HikariPool - HikariPool-1 - Thread starvation or clock leap detected (housekeeper delta=39m37s576ms).
2025-11-02 04:31:10 [HikariPool-1 housekeeper] WARN  com.zaxxer.hikari.pool.HikariPool - HikariPool-1 - Thread starvation or clock leap detected (housekeeper delta=19m35s920ms).
2025-11-02 04:47:42 [HikariPool-1 housekeeper] WARN  com.zaxxer.hikari.pool.HikariPool - HikariPool-1 - Thread starvation or clock leap detected (housekeeper delta=16m2s578ms).
2025-11-02 05:46:24 [HikariPool-1 housekeeper] WARN  com.zaxxer.hikari.pool.HikariPool - HikariPool-1 - Thread starvation or clock leap detected (housekeeper delta=58m41s255ms).
2025-11-02 06:08:13 [HikariPool-1 housekeeper] WARN  com.zaxxer.hikari.pool.HikariPool - HikariPool-1 - Thread starvation or clock leap detected (housekeeper delta=21m49s121ms).
2025-11-02 06:27:54 [HikariPool-1 housekeeper] WARN  com.zaxxer.hikari.pool.HikariPool - HikariPool-1 - Thread starvation or clock leap detected (housekeeper delta=19m11s74ms).
2025-11-02 07:00:56 [HikariPool-1 housekeeper] WARN  com.zaxxer.hikari.pool.HikariPool - HikariPool-1 - Thread starvation or clock leap detected (housekeeper delta=33m2s205ms).
2025-11-02 07:46:56 [HikariPool-1 housekeeper] WARN  com.zaxxer.hikari.pool.HikariPool - HikariPool-1 - Thread starvation or clock leap detected (housekeeper delta=45m30s279ms).
2025-11-02 09:00:54 [HikariPool-1 housekeeper] WARN  com.zaxxer.hikari.pool.HikariPool - HikariPool-1 - Thread starvation or clock leap detected (housekeeper delta=1h13m57s567ms).
2025-11-02 09:24:35 [HikariPool-1 housekeeper] WARN  com.zaxxer.hikari.pool.HikariPool - HikariPool-1 - Thread starvation or clock leap detected (housekeeper delta=23m41s208ms).
2025-11-02 10:00:56 [HikariPool-1 housekeeper] WARN  com.zaxxer.hikari.pool.HikariPool - HikariPool-1 - Thread starvation or clock leap detected (housekeeper delta=36m20s458ms).
2025-11-02 10:31:00 [HikariPool-1 housekeeper] WARN  com.zaxxer.hikari.pool.HikariPool - HikariPool-1 - Thread starvation or clock leap detected (housekeeper delta=30m4s736ms).
2025-11-02 11:01:00 [HikariPool-1 housekeeper] WARN  com.zaxxer.hikari.pool.HikariPool - HikariPool-1 - Thread starvation or clock leap detected (housekeeper delta=28m59s471ms).
2025-11-02 11:51:24 [HikariPool-1 housekeeper] WARN  com.zaxxer.hikari.pool.HikariPool - HikariPool-1 - Thread starvation or clock leap detected (housekeeper delta=50m24s555ms).
2025-11-02 12:08:33 [HikariPool-1 housekeeper] WARN  com.zaxxer.hikari.pool.HikariPool - HikariPool-1 - Thread starvation or clock leap detected (housekeeper delta=17m8s844ms).
2025-11-02 12:48:37 [HikariPool-1 housekeeper] WARN  com.zaxxer.hikari.pool.HikariPool - HikariPool-1 - Thread starvation or clock leap detected (housekeeper delta=38m3s677ms).
2025-11-02 13:01:18 [HikariPool-1 housekeeper] WARN  com.zaxxer.hikari.pool.HikariPool - HikariPool-1 - Thread starvation or clock leap detected (housekeeper delta=12m40s809ms).
2025-11-02 13:31:07 [HikariPool-1 housekeeper] WARN  com.zaxxer.hikari.pool.HikariPool - HikariPool-1 - Thread starvation or clock leap detected (housekeeper delta=28m49s152ms).
2025-11-02 14:00:50 [HikariPool-1 housekeeper] WARN  com.zaxxer.hikari.pool.HikariPool - HikariPool-1 - Thread starvation or clock leap detected (housekeeper delta=29m43s486ms).
2025-11-02 14:31:24 [HikariPool-1 housekeeper] WARN  com.zaxxer.hikari.pool.HikariPool - HikariPool-1 - Thread starvation or clock leap detected (housekeeper delta=30m33s777ms).
2025-11-02 15:16:47 [HikariPool-1 housekeeper] WARN  com.zaxxer.hikari.pool.HikariPool - HikariPool-1 - Thread starvation or clock leap detected (housekeeper delta=44m22s307ms).
2025-11-02 15:26:41 [HikariPool-1 housekeeper] WARN  com.zaxxer.hikari.pool.HikariPool - HikariPool-1 - Thread starvation or clock leap detected (housekeeper delta=9m54s217ms).
2025-11-02 15:40:08 [HikariPool-1 housekeeper] WARN  com.zaxxer.hikari.pool.HikariPool - HikariPool-1 - Thread starvation or clock leap detected (housekeeper delta=57s522ms).
2025-11-02 16:46:52 [HikariPool-1 housekeeper] WARN  com.zaxxer.hikari.pool.HikariPool - HikariPool-1 - Thread starvation or clock leap detected (housekeeper delta=1h6m43s376ms).
2025-11-02 17:40:19 [HikariPool-1 housekeeper] WARN  com.zaxxer.hikari.pool.HikariPool - HikariPool-1 - Thread starvation or clock leap detected (housekeeper delta=53m27s719ms).
2025-11-02 18:27:22 [HikariPool-1 housekeeper] WARN  com.zaxxer.hikari.pool.HikariPool - HikariPool-1 - Thread starvation or clock leap detected (housekeeper delta=47m2s72ms).
2025-11-02 18:51:47 [HikariPool-1 housekeeper] WARN  com.zaxxer.hikari.pool.HikariPool - HikariPool-1 - Thread starvation or clock leap detected (housekeeper delta=24m25s821ms).
2025-11-02 19:00:35 [SpringApplicationShutdownHook] INFO  o.s.b.w.e.tomcat.GracefulShutdown - Commencing graceful shutdown. Waiting for active requests to complete
2025-11-02 19:00:37 [tomcat-shutdown] INFO  o.s.b.w.e.tomcat.GracefulShutdown - Graceful shutdown complete
2025-11-02 19:00:37 [SpringApplicationShutdownHook] INFO  o.s.o.j.LocalContainerEntityManagerFactoryBean - Closing JPA EntityManagerFactory for persistence unit 'default'
2025-11-02 19:00:37 [SpringApplicationShutdownHook] INFO  com.zaxxer.hikari.HikariDataSource - HikariPool-1 - Shutdown initiated...
2025-11-02 19:00:37 [SpringApplicationShutdownHook] INFO  com.zaxxer.hikari.HikariDataSource - HikariPool-1 - Shutdown completed.
2025-11-02 19:01:00 [Test worker] INFO  c.e.d.DigitalWalletDemoApplicationTests - Starting DigitalWalletDemoApplicationTests using Java 21.0.8 with PID 30872 (started by shubhamkumar in /Users/shubhamkumar/Desktop/Source/digitalWalletDemo)
2025-11-02 19:01:00 [Test worker] DEBUG c.e.d.DigitalWalletDemoApplicationTests - Running with Spring Boot v3.4.2, Spring v6.2.2
2025-11-02 19:01:00 [Test worker] INFO  c.e.d.DigitalWalletDemoApplicationTests - The following 1 profile is active: "test"
2025-11-02 19:01:01 [Test worker] INFO  o.s.d.r.c.RepositoryConfigurationDelegate - Bootstrapping Spring Data JPA repositories in DEFAULT mode.
2025-11-02 19:01:01 [Test worker] INFO  o.s.d.r.c.RepositoryConfigurationDelegate - Finished Spring Data repository scanning in 35 ms. Found 3 JPA repository interfaces.
2025-11-02 19:01:01 [Test worker] INFO  o.h.jpa.internal.util.LogHelper - HHH000204: Processing PersistenceUnitInfo [name: default]
2025-11-02 19:01:01 [Test worker] INFO  org.hibernate.Version - HHH000412: Hibernate ORM core version 6.6.5.Final
2025-11-02 19:01:01 [Test worker] INFO  o.h.c.i.RegionFactoryInitiator - HHH000026: Second-level cache disabled
2025-11-02 19:01:01 [Test worker] INFO  o.s.o.j.p.SpringPersistenceUnitInfo - No LoadTimeWeaver setup: ignoring JPA class transformer
2025-11-02 19:01:01 [Test worker] INFO  com.zaxxer.hikari.HikariDataSource - HikariPool-1 - Starting...
2025-11-02 19:01:01 [Test worker] INFO  com.zaxxer.hikari.pool.HikariPool - HikariPool-1 - Added connection conn0: url=jdbc:h2:mem:testdb user=ROOT
2025-11-02 19:01:01 [Test worker] INFO  com.zaxxer.hikari.HikariDataSource - HikariPool-1 - Start completed.
2025-11-02 19:01:01 [Test worker] WARN  org.hibernate.orm.deprecation - HHH90000025: H2Dialect does not need to be specified explicitly using 'hibernate.dialect' (remove the property setting and it will be selected by default)
2025-11-02 19:01:01 [Test worker] INFO  o.hibernate.orm.connections.pooling - HHH10001005: Database info:
	Database JDBC URL [Connecting through datasource 'HikariDataSource (HikariPool-1)']
	Database driver: undefined/unknown
	Database version: 2.3.232
	Autocommit mode: undefined/unknown
	Isolation level: undefined/unknown
	Minimum pool size: undefined/unknown
	Maximum pool size: undefined/unknown
2025-11-02 19:01:02 [Test worker] INFO  o.h.e.t.j.p.i.JtaPlatformInitiator - HHH000489: No JTA platform available (set 'hibernate.transaction.jta.platform' to enable JTA platform integration)
2025-11-02 19:01:02 [Test worker] DEBUG org.hibernate.SQL - 
    drop table if exists transactions cascade 
2025-11-02 19:01:02 [Test worker] DEBUG org.hibernate.SQL - 
    drop table if exists users cascade 
2025-11-02 19:01:02 [Test worker] DEBUG org.hibernate.SQL - 
    drop table if exists wallets cascade 
2025-11-02 19:01:02 [Test worker] DEBUG org.hibernate.SQL - 
    create table transactions (
        amount numeric(38,2) not null,
        id bigint generated by default as identity,
        timestamp TIMESTAMP(6),
        wallet_id bigint not null,
        description varchar(255),
        type enum ('CREDIT','DEBIT','TRANSFER') not null,
        primary key (id)
    )
2025-11-02 19:01:02 [Test worker] DEBUG org.hibernate.SQL - 
    create table users (
        id bigint generated by default as identity,
        password varchar(255) not null,
        username varchar(255) not null unique,
        primary key (id)
    )
2025-11-02 19:01:02 [Test worker] DEBUG org.hibernate.SQL - 
    create table wallets (
        balance numeric(38,2) not null,
        id bigint generated by default as identity,
        user_id bigint,
        version bigint,
        wallet_name varchar(255),
        primary key (id)
    )
2025-11-02 19:01:02 [Test worker] DEBUG org.hibernate.SQL - 
    alter table if exists transactions 
       add constraint FK23bop5lktue0o5q7kr19ti8h 
       foreign key (wallet_id) 
       references wallets
2025-11-02 19:01:02 [Test worker] DEBUG org.hibernate.SQL - 
    alter table if exists wallets 
       add constraint FKc1foyisidw7wqqrkamafuwn4e 
       foreign key (user_id) 
       references users
2025-11-02 19:01:02 [Test worker] INFO  o.s.o.j.LocalContainerEntityManagerFactoryBean - Initialized JPA EntityManagerFactory for persistence unit 'default'
2025-11-02 19:01:02 [Test worker] INFO  o.s.d.j.r.query.QueryEnhancerFactory - Hibernate is in classpath; If applicable, HQL parser will be used.
2025-11-02 19:01:03 [Test worker] WARN  o.s.b.a.o.j.JpaBaseConfiguration$JpaWebConfiguration - spring.jpa.open-in-view is enabled by default. Therefore, database queries may be performed during view rendering. Explicitly configure spring.jpa.open-in-view to disable this warning
2025-11-02 19:01:03 [Test worker] INFO  o.s.b.a.h.H2ConsoleAutoConfiguration - H2 console available at '/h2-console'. Database available at 'jdbc:h2:mem:testdb'
2025-11-02 19:01:03 [Test worker] INFO  o.s.b.a.e.web.EndpointLinksResolver - Exposing 15 endpoints beneath base path '/actuator'
2025-11-02 19:01:03 [Test worker] INFO  c.e.d.DigitalWalletDemoApplicationTests - Started DigitalWalletDemoApplicationTests in 3.427 seconds (process running for 4.323)
2025-11-02 19:01:04 [Test worker] INFO  o.s.t.c.s.AnnotationConfigContextLoaderUtils - Could not detect default configuration classes for test class [com.example.digitalWalletDemo.controller.UserControllerTypeMismatchTest]: UserControllerTypeMismatchTest does not declare any static, non-private, non-final, nested classes annotated with @Configuration.
2025-11-02 19:01:04 [Test worker] INFO  o.s.b.t.c.SpringBootTestContextBootstrapper - Found @SpringBootConfiguration com.example.digitalWalletDemo.DigitalWalletDemoApplication for test class com.example.digitalWalletDemo.controller.UserControllerTypeMismatchTest
2025-11-02 19:01:04 [Test worker] INFO  c.e.d.c.UserControllerTypeMismatchTest - Starting UserControllerTypeMismatchTest using Java 21.0.8 with PID 30872 (started by shubhamkumar in /Users/shubhamkumar/Desktop/Source/digitalWalletDemo)
2025-11-02 19:01:04 [Test worker] DEBUG c.e.d.c.UserControllerTypeMismatchTest - Running with Spring Boot v3.4.2, Spring v6.2.2
2025-11-02 19:01:04 [Test worker] INFO  c.e.d.c.UserControllerTypeMismatchTest - No active profile set, falling back to 1 default profile: "default"
2025-11-02 19:01:04 [Test worker] INFO  o.s.b.t.m.w.SpringBootMockServletContext - Initializing Spring TestDispatcherServlet ''
2025-11-02 19:01:04 [Test worker] INFO  o.s.t.w.s.TestDispatcherServlet - Initializing Servlet ''
2025-11-02 19:01:04 [Test worker] INFO  o.s.t.w.s.TestDispatcherServlet - Completed initialization in 0 ms
2025-11-02 19:01:04 [Test worker] INFO  c.e.d.c.UserControllerTypeMismatchTest - Started UserControllerTypeMismatchTest in 0.424 seconds (process running for 5.494)
2025-11-02 19:01:05 [Test worker] WARN  c.e.d.e.GlobalExceptionHandler - Invalid ID format: null
org.springframework.web.method.annotation.MethodArgumentTypeMismatchException: Method parameter 'id': Failed to convert value of type 'java.lang.String' to required type 'java.lang.Long'; For input string: "null"
	at org.springframework.web.method.annotation.AbstractNamedValueMethodArgumentResolver.convertIfNecessary(AbstractNamedValueMethodArgumentResolver.java:301)
	at org.springframework.web.method.annotation.AbstractNamedValueMethodArgumentResolver.resolveArgument(AbstractNamedValueMethodArgumentResolver.java:136)
	at org.springframework.web.method.support.HandlerMethodArgumentResolverComposite.resolveArgument(HandlerMethodArgumentResolverComposite.java:122)
	at org.springframework.web.method.support.InvocableHandlerMethod.getMethodArgumentValues(InvocableHandlerMethod.java:226)
	at org.springframework.web.method.support.InvocableHandlerMethod.invokeForRequest(InvocableHandlerMethod.java:180)
	at org.springframework.web.servlet.mvc.method.annotation.ServletInvocableHandlerMethod.invokeAndHandle(ServletInvocableHandlerMethod.java:118)
	at org.springframework.web.servlet.mvc.method.annotation.RequestMappingHandlerAdapter.invokeHandlerMethod(RequestMappingHandlerAdapter.java:986)
	at org.springframework.web.servlet.mvc.method.annotation.RequestMappingHandlerAdapter.handleInternal(RequestMappingHandlerAdapter.java:891)
	at org.springframework.web.servlet.mvc.method.AbstractHandlerMethodAdapter.handle(AbstractHandlerMethodAdapter.java:87)
	at org.springframework.web.servlet.DispatcherServlet.doDispatch(DispatcherServlet.java:1088)
	at org.springframework.web.servlet.DispatcherServlet.doService(DispatcherServlet.java:978)
	at org.springframework.web.servlet.FrameworkServlet.processRequest(FrameworkServlet.java:1014)
	at org.springframework.web.servlet.FrameworkServlet.doGet(FrameworkServlet.java:903)
	at jakarta.servlet.http.HttpServlet.service(HttpServlet.java:564)
	at org.springframework.web.servlet.FrameworkServlet.service(FrameworkServlet.java:885)
	at org.springframework.test.web.servlet.TestDispatcherServlet.service(TestDispatcherServlet.java:72)
	at jakarta.servlet.http.HttpServlet.service(HttpServlet.java:658)
	at org.springframework.mock.web.MockFilterChain$ServletFilterProxy.doFilter(MockFilterChain.java:165)
	at org.springframework.mock.web.MockFilterChain.doFilter(MockFilterChain.java:132)
	at org.springframework.web.filter.RequestContextFilter.doFilterInternal(RequestContextFilter.java:100)
	at org.springframework.web.filter.OncePerRequestFilter.doFilter(OncePerRequestFilter.java:116)
	at org.springframework.test.web.servlet.setup.MockMvcFilterDecorator.doFilter(MockMvcFilterDecorator.java:162)
	at org.springframework.mock.web.MockFilterChain.doFilter(MockFilterChain.java:132)
	at org.springframework.web.filter.FormContentFilter.doFilterInternal(FormContentFilter.java:93)
	at org.springframework.web.filter.OncePerRequestFilter.doFilter(OncePerRequestFilter.java:116)
	at org.springframework.test.web.servlet.setup.MockMvcFilterDecorator.doFilter(MockMvcFilterDecorator.java:162)
	at org.springframework.mock.web.MockFilterChain.doFilter(MockFilterChain.java:132)
	at org.springframework.web.filter.CharacterEncodingFilter.doFilterInternal(CharacterEncodingFilter.java:201)
	at org.springframework.web.filter.OncePerRequestFilter.doFilter(OncePerRequestFilter.java:116)
	at org.springframework.test.web.servlet.setup.MockMvcFilterDecorator.doFilter(MockMvcFilterDecorator.java:162)
	at org.springframework.mock.web.MockFilterChain.doFilter(MockFilterChain.java:132)
	at org.springframework.test.web.servlet.MockMvc.perform(MockMvc.java:201)
	at com.example.digitalWalletDemo.controller.UserControllerTypeMismatchTest.testGetUserById_WhenIdIsNull_ShouldReturnBadRequest(UserControllerTypeMismatchTest.java:50)
	at java.base/jdk.internal.reflect.DirectMethodHandleAccessor.invoke(DirectMethodHandleAccessor.java:103)
	at java.base/java.lang.reflect.Method.invoke(Method.java:580)
	at org.junit.platform.commons.util.ReflectionUtils.invokeMethod(ReflectionUtils.java:767)
	at org.junit.jupiter.engine.execution.MethodInvocation.proceed(MethodInvocation.java:60)
	at org.junit.jupiter.engine.execution.InvocationInterceptorChain$ValidatingInvocation.proceed(InvocationInterceptorChain.java:131)
	at org.junit.jupiter.engine.extension.TimeoutExtension.intercept(TimeoutExtension.java:156)
	at org.junit.jupiter.engine.extension.TimeoutExtension.interceptTestableMethod(TimeoutExtension.java:147)
	at org.junit.jupiter.engine.extension.TimeoutExtension.interceptTestMethod(TimeoutExtension.java:86)
	at org.junit.jupiter.engine.execution.InterceptingExecutableInvoker$ReflectiveInterceptorCall.lambda$ofVoidMethod$0(InterceptingExecutableInvoker.java:103)
	at org.junit.jupiter.engine.execution.InterceptingExecutableInvoker.lambda$invoke$0(InterceptingExecutableInvoker.java:93)
	at org.junit.jupiter.engine.execution.InvocationInterceptorChain$InterceptedInvocation.proceed(InvocationInterceptorChain.java:106)
	at org.junit.jupiter.engine.execution.InvocationInterceptorChain.proceed(InvocationInterceptorChain.java:64)
	at org.junit.jupiter.engine.execution.InvocationInterceptorChain.chainAndInvoke(InvocationInterceptorChain.java:45)
	at org.junit.jupiter.engine.execution.InvocationInterceptorChain.invoke(InvocationInterceptorChain.java:37)
	at org.junit.jupiter.engine.execution.InterceptingExecutableInvoker.invoke(InterceptingExecutableInvoker.java:92)
	at org.junit.jupiter.engine.execution.InterceptingExecutableInvoker.invoke(InterceptingExecutableInvoker.java:86)
	at org.junit.jupiter.engine.descriptor.TestMethodTestDescriptor.lambda$invokeTestMethod$8(TestMethodTestDescriptor.java:217)
	at org.junit.platform.engine.support.hierarchical.ThrowableCollector.execute(ThrowableCollector.java:73)
	at org.junit.jupiter.engine.descriptor.TestMethodTestDescriptor.invokeTestMethod(TestMethodTestDescriptor.java:213)
	at org.junit.jupiter.engine.descriptor.TestMethodTestDescriptor.execute(TestMethodTestDescriptor.java:138)
	at org.junit.jupiter.engine.descriptor.TestMethodTestDescriptor.execute(TestMethodTestDescriptor.java:68)
	at org.junit.platform.engine.support.hierarchical.NodeTestTask.lambda$executeRecursively$6(NodeTestTask.java:156)
	at org.junit.platform.engine.support.hierarchical.ThrowableCollector.execute(ThrowableCollector.java:73)
	at org.junit.platform.engine.support.hierarchical.NodeTestTask.lambda$executeRecursively$8(NodeTestTask.java:146)
	at org.junit.platform.engine.support.hierarchical.Node.around(Node.java:137)
	at org.junit.platform.engine.support.hierarchical.NodeTestTask.lambda$executeRecursively$9(NodeTestTask.java:144)
	at org.junit.platform.engine.support.hierarchical.ThrowableCollector.execute(ThrowableCollector.java:73)
	at org.junit.platform.engine.support.hierarchical.NodeTestTask.executeRecursively(NodeTestTask.java:143)
	at org.junit.platform.engine.support.hierarchical.NodeTestTask.execute(NodeTestTask.java:100)
	at java.base/java.util.ArrayList.forEach(ArrayList.java:1596)
	at org.junit.platform.engine.support.hierarchical.SameThreadHierarchicalTestExecutorService.invokeAll(SameThreadHierarchicalTestExecutorService.java:41)
	at org.junit.platform.engine.support.hierarchical.NodeTestTask.lambda$executeRecursively$6(NodeTestTask.java:160)
	at org.junit.platform.engine.support.hierarchical.ThrowableCollector.execute(ThrowableCollector.java:73)
	at org.junit.platform.engine.support.hierarchical.NodeTestTask.lambda$executeRecursively$8(NodeTestTask.java:146)
	at org.junit.platform.engine.support.hierarchical.Node.around(Node.java:137)
	at org.junit.platform.engine.support.hierarchical.NodeTestTask.lambda$executeRecursively$9(NodeTestTask.java:144)
	at org.junit.platform.engine.support.hierarchical.ThrowableCollector.execute(ThrowableCollector.java:73)
	at org.junit.platform.engine.support.hierarchical.NodeTestTask.executeRecursively(NodeTestTask.java:143)
	at org.junit.platform.engine.support.hierarchical.NodeTestTask.execute(NodeTestTask.java:100)
	at java.base/java.util.ArrayList.forEach(ArrayList.java:1596)
	at org.junit.platform.engine.support.hierarchical.SameThreadHierarchicalTestExecutorService.invokeAll(SameThreadHierarchicalTestExecutorService.java:41)
	at org.junit.platform.engine.support.hierarchical.NodeTestTask.lambda$executeRecursively$6(NodeTestTask.java:160)
	at org.junit.platform.engine.support.hierarchical.ThrowableCollector.execute(ThrowableCollector.java:73)
	at org.junit.platform.engine.support.hierarchical.NodeTestTask.lambda$executeRecursively$8(NodeTestTask.java:146)
	at org.junit.platform.engine.support.hierarchical.Node.around(Node.java:137)
	at org.junit.platform.engine.support.hierarchical.NodeTestTask.lambda$executeRecursively$9(NodeTestTask.java:144)
	at org.junit.platform.engine.support.hierarchical.ThrowableCollector.execute(ThrowableCollector.java:73)
	at org.junit.platform.engine.support.hierarchical.NodeTestTask.executeRecursively(NodeTestTask.java:143)
	at org.junit.platform.engine.support.hierarchical.NodeTestTask.execute(NodeTestTask.java:100)
	at org.junit.platform.engine.support.hierarchical.SameThreadHierarchicalTestExecutorService.submit(SameThreadHierarchicalTestExecutorService.java:35)
	at org.junit.platform.engine.support.hierarchical.HierarchicalTestExecutor.execute(HierarchicalTestExecutor.java:57)
	at org.junit.platform.engine.support.hierarchical.HierarchicalTestEngine.execute(HierarchicalTestEngine.java:54)
	at org.junit.platform.launcher.core.EngineExecutionOrchestrator.execute(EngineExecutionOrchestrator.java:198)
	at org.junit.platform.launcher.core.EngineExecutionOrchestrator.execute(EngineExecutionOrchestrator.java:169)
	at org.junit.platform.launcher.core.EngineExecutionOrchestrator.execute(EngineExecutionOrchestrator.java:93)
	at org.junit.platform.launcher.core.EngineExecutionOrchestrator.lambda$execute$0(EngineExecutionOrchestrator.java:58)
	at org.junit.platform.launcher.core.EngineExecutionOrchestrator.withInterceptedStreams(EngineExecutionOrchestrator.java:141)
	at org.junit.platform.launcher.core.EngineExecutionOrchestrator.execute(EngineExecutionOrchestrator.java:57)
	at org.junit.platform.launcher.core.DefaultLauncher.execute(DefaultLauncher.java:103)
	at org.junit.platform.launcher.core.DefaultLauncher.execute(DefaultLauncher.java:85)
	at org.junit.platform.launcher.core.DelegatingLauncher.execute(DelegatingLauncher.java:47)
	at org.gradle.api.internal.tasks.testing.junitplatform.JUnitPlatformTestClassProcessor$CollectAllTestClassesExecutor.processAllTestClasses(JUnitPlatformTestClassProcessor.java:124)
	at org.gradle.api.internal.tasks.testing.junitplatform.JUnitPlatformTestClassProcessor$CollectAllTestClassesExecutor.access$000(JUnitPlatformTestClassProcessor.java:99)
	at org.gradle.api.internal.tasks.testing.junitplatform.JUnitPlatformTestClassProcessor.stop(JUnitPlatformTestClassProcessor.java:94)
	at org.gradle.api.internal.tasks.testing.SuiteTestClassProcessor.stop(SuiteTestClassProcessor.java:63)
	at java.base/jdk.internal.reflect.DirectMethodHandleAccessor.invoke(DirectMethodHandleAccessor.java:103)
	at java.base/java.lang.reflect.Method.invoke(Method.java:580)
	at org.gradle.internal.dispatch.ReflectionDispatch.dispatch(ReflectionDispatch.java:36)
	at org.gradle.internal.dispatch.ReflectionDispatch.dispatch(ReflectionDispatch.java:24)
	at org.gradle.internal.dispatch.ContextClassLoaderDispatch.dispatch(ContextClassLoaderDispatch.java:33)
	at org.gradle.internal.dispatch.ProxyDispatchAdapter$DispatchingInvocationHandler.invoke(ProxyDispatchAdapter.java:92)
	at jdk.proxy1/jdk.proxy1.$Proxy4.stop(Unknown Source)
	at org.gradle.api.internal.tasks.testing.worker.TestWorker$3.run(TestWorker.java:200)
	at org.gradle.api.internal.tasks.testing.worker.TestWorker.executeAndMaintainThreadName(TestWorker.java:132)
	at org.gradle.api.internal.tasks.testing.worker.TestWorker.execute(TestWorker.java:103)
	at org.gradle.api.internal.tasks.testing.worker.TestWorker.execute(TestWorker.java:63)
	at org.gradle.process.internal.worker.child.ActionExecutionWorker.execute(ActionExecutionWorker.java:56)
	at org.gradle.process.internal.worker.child.SystemApplicationClassLoaderWorker.call(SystemApplicationClassLoaderWorker.java:122)
	at org.gradle.process.internal.worker.child.SystemApplicationClassLoaderWorker.call(SystemApplicationClassLoaderWorker.java:72)
	at worker.org.gradle.process.internal.worker.GradleWorkerMain.run(GradleWorkerMain.java:69)
	at worker.org.gradle.process.internal.worker.GradleWorkerMain.main(GradleWorkerMain.java:74)
Caused by: java.lang.NumberFormatException: For input string: "null"
	at java.base/java.lang.NumberFormatException.forInputString(NumberFormatException.java:67)
	at java.base/java.lang.Long.parseLong(Long.java:709)
	at java.base/java.lang.Long.valueOf(Long.java:1157)
	at org.springframework.util.NumberUtils.parseNumber(NumberUtils.java:204)
	at org.springframework.beans.propertyeditors.CustomNumberEditor.setAsText(CustomNumberEditor.java:115)
	at org.springframework.beans.TypeConverterDelegate.doConvertTextValue(TypeConverterDelegate.java:439)
	at org.springframework.beans.TypeConverterDelegate.doConvertValue(TypeConverterDelegate.java:412)
	at org.springframework.beans.TypeConverterDelegate.convertIfNecessary(TypeConverterDelegate.java:161)
	at org.springframework.beans.TypeConverterSupport.convertIfNecessary(TypeConverterSupport.java:80)
	at org.springframework.beans.TypeConverterSupport.convertIfNecessary(TypeConverterSupport.java:53)
	at org.springframework.validation.DataBinder.convertIfNecessary(DataBinder.java:866)
	at org.springframework.web.method.annotation.AbstractNamedValueMethodArgumentResolver.convertIfNecessary(AbstractNamedValueMethodArgumentResolver.java:293)
	... 113 common frames omitted
2025-11-02 19:01:05 [Test worker] WARN  c.e.d.e.GlobalExceptionHandler - Invalid ID format: s
org.springframework.web.method.annotation.MethodArgumentTypeMismatchException: Method parameter 'id': Failed to convert value of type 'java.lang.String' to required type 'java.lang.Long'; For input string: "s"
	at org.springframework.web.method.annotation.AbstractNamedValueMethodArgumentResolver.convertIfNecessary(AbstractNamedValueMethodArgumentResolver.java:301)
	at org.springframework.web.method.annotation.AbstractNamedValueMethodArgumentResolver.resolveArgument(AbstractNamedValueMethodArgumentResolver.java:136)
	at org.springframework.web.method.support.HandlerMethodArgumentResolverComposite.resolveArgument(HandlerMethodArgumentResolverComposite.java:122)
	at org.springframework.web.method.support.InvocableHandlerMethod.getMethodArgumentValues(InvocableHandlerMethod.java:226)
	at org.springframework.web.method.support.InvocableHandlerMethod.invokeForRequest(InvocableHandlerMethod.java:180)
	at org.springframework.web.servlet.mvc.method.annotation.ServletInvocableHandlerMethod.invokeAndHandle(ServletInvocableHandlerMethod.java:118)
	at org.springframework.web.servlet.mvc.method.annotation.RequestMappingHandlerAdapter.invokeHandlerMethod(RequestMappingHandlerAdapter.java:986)
	at org.springframework.web.servlet.mvc.method.annotation.RequestMappingHandlerAdapter.handleInternal(RequestMappingHandlerAdapter.java:891)
	at org.springframework.web.servlet.mvc.method.AbstractHandlerMethodAdapter.handle(AbstractHandlerMethodAdapter.java:87)
	at org.springframework.web.servlet.DispatcherServlet.doDispatch(DispatcherServlet.java:1088)
	at org.springframework.web.servlet.DispatcherServlet.doService(DispatcherServlet.java:978)
	at org.springframework.web.servlet.FrameworkServlet.processRequest(FrameworkServlet.java:1014)
	at org.springframework.web.servlet.FrameworkServlet.doGet(FrameworkServlet.java:903)
	at jakarta.servlet.http.HttpServlet.service(HttpServlet.java:564)
	at org.springframework.web.servlet.FrameworkServlet.service(FrameworkServlet.java:885)
	at org.springframework.test.web.servlet.TestDispatcherServlet.service(TestDispatcherServlet.java:72)
	at jakarta.servlet.http.HttpServlet.service(HttpServlet.java:658)
	at org.springframework.mock.web.MockFilterChain$ServletFilterProxy.doFilter(MockFilterChain.java:165)
	at org.springframework.mock.web.MockFilterChain.doFilter(MockFilterChain.java:132)
	at org.springframework.web.filter.RequestContextFilter.doFilterInternal(RequestContextFilter.java:100)
	at org.springframework.web.filter.OncePerRequestFilter.doFilter(OncePerRequestFilter.java:116)
	at org.springframework.test.web.servlet.setup.MockMvcFilterDecorator.doFilter(MockMvcFilterDecorator.java:162)
	at org.springframework.mock.web.MockFilterChain.doFilter(MockFilterChain.java:132)
	at org.springframework.web.filter.FormContentFilter.doFilterInternal(FormContentFilter.java:93)
	at org.springframework.web.filter.OncePerRequestFilter.doFilter(OncePerRequestFilter.java:116)
	at org.springframework.test.web.servlet.setup.MockMvcFilterDecorator.doFilter(MockMvcFilterDecorator.java:162)
	at org.springframework.mock.web.MockFilterChain.doFilter(MockFilterChain.java:132)
	at org.springframework.web.filter.CharacterEncodingFilter.doFilterInternal(CharacterEncodingFilter.java:201)
	at org.springframework.web.filter.OncePerRequestFilter.doFilter(OncePerRequestFilter.java:116)
	at org.springframework.test.web.servlet.setup.MockMvcFilterDecorator.doFilter(MockMvcFilterDecorator.java:162)
	at org.springframework.mock.web.MockFilterChain.doFilter(MockFilterChain.java:132)
	at org.springframework.test.web.servlet.MockMvc.perform(MockMvc.java:201)
	at com.example.digitalWalletDemo.controller.UserControllerTypeMismatchTest.testGetUserById_WhenIdIsString_ShouldReturnBadRequest(UserControllerTypeMismatchTest.java:41)
	at java.base/jdk.internal.reflect.DirectMethodHandleAccessor.invoke(DirectMethodHandleAccessor.java:103)
	at java.base/java.lang.reflect.Method.invoke(Method.java:580)
	at org.junit.platform.commons.util.ReflectionUtils.invokeMethod(ReflectionUtils.java:767)
	at org.junit.jupiter.engine.execution.MethodInvocation.proceed(MethodInvocation.java:60)
	at org.junit.jupiter.engine.execution.InvocationInterceptorChain$ValidatingInvocation.proceed(InvocationInterceptorChain.java:131)
	at org.junit.jupiter.engine.extension.TimeoutExtension.intercept(TimeoutExtension.java:156)
	at org.junit.jupiter.engine.extension.TimeoutExtension.interceptTestableMethod(TimeoutExtension.java:147)
	at org.junit.jupiter.engine.extension.TimeoutExtension.interceptTestMethod(TimeoutExtension.java:86)
	at org.junit.jupiter.engine.execution.InterceptingExecutableInvoker$ReflectiveInterceptorCall.lambda$ofVoidMethod$0(InterceptingExecutableInvoker.java:103)
	at org.junit.jupiter.engine.execution.InterceptingExecutableInvoker.lambda$invoke$0(InterceptingExecutableInvoker.java:93)
	at org.junit.jupiter.engine.execution.InvocationInterceptorChain$InterceptedInvocation.proceed(InvocationInterceptorChain.java:106)
	at org.junit.jupiter.engine.execution.InvocationInterceptorChain.proceed(InvocationInterceptorChain.java:64)
	at org.junit.jupiter.engine.execution.InvocationInterceptorChain.chainAndInvoke(InvocationInterceptorChain.java:45)
	at org.junit.jupiter.engine.execution.InvocationInterceptorChain.invoke(InvocationInterceptorChain.java:37)
	at org.junit.jupiter.engine.execution.InterceptingExecutableInvoker.invoke(InterceptingExecutableInvoker.java:92)
	at org.junit.jupiter.engine.execution.InterceptingExecutableInvoker.invoke(InterceptingExecutableInvoker.java:86)
	at org.junit.jupiter.engine.descriptor.TestMethodTestDescriptor.lambda$invokeTestMethod$8(TestMethodTestDescriptor.java:217)
	at org.junit.platform.engine.support.hierarchical.ThrowableCollector.execute(ThrowableCollector.java:73)
	at org.junit.jupiter.engine.descriptor.TestMethodTestDescriptor.invokeTestMethod(TestMethodTestDescriptor.java:213)
	at org.junit.jupiter.engine.descriptor.TestMethodTestDescriptor.execute(TestMethodTestDescriptor.java:138)
	at org.junit.jupiter.engine.descriptor.TestMethodTestDescriptor.execute(TestMethodTestDescriptor.java:68)
	at org.junit.platform.engine.support.hierarchical.NodeTestTask.lambda$executeRecursively$6(NodeTestTask.java:156)
	at org.junit.platform.engine.support.hierarchical.ThrowableCollector.execute(ThrowableCollector.java:73)
	at org.junit.platform.engine.support.hierarchical.NodeTestTask.lambda$executeRecursively$8(NodeTestTask.java:146)
	at org.junit.platform.engine.support.hierarchical.Node.around(Node.java:137)
	at org.junit.platform.engine.support.hierarchical.NodeTestTask.lambda$executeRecursively$9(NodeTestTask.java:144)
	at org.junit.platform.engine.support.hierarchical.ThrowableCollector.execute(ThrowableCollector.java:73)
	at org.junit.platform.engine.support.hierarchical.NodeTestTask.executeRecursively(NodeTestTask.java:143)
	at org.junit.platform.engine.support.hierarchical.NodeTestTask.execute(NodeTestTask.java:100)
	at java.base/java.util.ArrayList.forEach(ArrayList.java:1596)
	at org.junit.platform.engine.support.hierarchical.SameThreadHierarchicalTestExecutorService.invokeAll(SameThreadHierarchicalTestExecutorService.java:41)
	at org.junit.platform.engine.support.hierarchical.NodeTestTask.lambda$executeRecursively$6(NodeTestTask.java:160)
	at org.junit.platform.engine.support.hierarchical.ThrowableCollector.execute(ThrowableCollector.java:73)
	at org.junit.platform.engine.support.hierarchical.NodeTestTask.lambda$executeRecursively$8(NodeTestTask.java:146)
	at org.junit.platform.engine.support.hierarchical.Node.around(Node.java:137)
	at org.junit.platform.engine.support.hierarchical.NodeTestTask.lambda$executeRecursively$9(NodeTestTask.java:144)
	at org.junit.platform.engine.support.hierarchical.ThrowableCollector.execute(ThrowableCollector.java:73)
	at org.junit.platform.engine.support.hierarchical.NodeTestTask.executeRecursively(NodeTestTask.java:143)
	at org.junit.platform.engine.support.hierarchical.NodeTestTask.execute(NodeTestTask.java:100)
	at java.base/java.util.ArrayList.forEach(ArrayList.java:1596)
	at org.junit.platform.engine.support.hierarchical.SameThreadHierarchicalTestExecutorService.invokeAll(SameThreadHierarchicalTestExecutorService.java:41)
	at org.junit.platform.engine.support.hierarchical.NodeTestTask.lambda$executeRecursively$6(NodeTestTask.java:160)
	at org.junit.platform.engine.support.hierarchical.ThrowableCollector.execute(ThrowableCollector.java:73)
	at org.junit.platform.engine.support.hierarchical.NodeTestTask.lambda$executeRecursively$8(NodeTestTask.java:146)
	at org.junit.platform.engine.support.hierarchical.Node.around(Node.java:137)
	at org.junit.platform.engine.support.hierarchical.NodeTestTask.lambda$executeRecursively$9(NodeTestTask.java:144)
	at org.junit.platform.engine.support.hierarchical.ThrowableCollector.execute(ThrowableCollector.java:73)
	at org.junit.platform.engine.support.hierarchical.NodeTestTask.executeRecursively(NodeTestTask.java:143)
	at org.junit.platform.engine.support.hierarchical.NodeTestTask.execute(NodeTestTask.java:100)
	at org.junit.platform.engine.support.hierarchical.SameThreadHierarchicalTestExecutorService.submit(SameThreadHierarchicalTestExecutorService.java:35)
	at org.junit.platform.engine.support.hierarchical.HierarchicalTestExecutor.execute(HierarchicalTestExecutor.java:57)
	at org.junit.platform.engine.support.hierarchical.HierarchicalTestEngine.execute(HierarchicalTestEngine.java:54)
	at org.junit.platform.launcher.core.EngineExecutionOrchestrator.execute(EngineExecutionOrchestrator.java:198)
	at org.junit.platform.launcher.core.EngineExecutionOrchestrator.execute(EngineExecutionOrchestrator.java:169)
	at org.junit.platform.launcher.core.EngineExecutionOrchestrator.execute(EngineExecutionOrchestrator.java:93)
	at org.junit.platform.launcher.core.EngineExecutionOrchestrator.lambda$execute$0(EngineExecutionOrchestrator.java:58)
	at org.junit.platform.launcher.core.EngineExecutionOrchestrator.withInterceptedStreams(EngineExecutionOrchestrator.java:141)
	at org.junit.platform.launcher.core.EngineExecutionOrchestrator.execute(EngineExecutionOrchestrator.java:57)
	at org.junit.platform.launcher.core.DefaultLauncher.execute(DefaultLauncher.java:103)
	at org.junit.platform.launcher.core.DefaultLauncher.execute(DefaultLauncher.java:85)
	at org.junit.platform.launcher.core.DelegatingLauncher.execute(DelegatingLauncher.java:47)
	at org.gradle.api.internal.tasks.testing.junitplatform.JUnitPlatformTestClassProcessor$CollectAllTestClassesExecutor.processAllTestClasses(JUnitPlatformTestClassProcessor.java:124)
	at org.gradle.api.internal.tasks.testing.junitplatform.JUnitPlatformTestClassProcessor$CollectAllTestClassesExecutor.access$000(JUnitPlatformTestClassProcessor.java:99)
	at org.gradle.api.internal.tasks.testing.junitplatform.JUnitPlatformTestClassProcessor.stop(JUnitPlatformTestClassProcessor.java:94)
	at org.gradle.api.internal.tasks.testing.SuiteTestClassProcessor.stop(SuiteTestClassProcessor.java:63)
	at java.base/jdk.internal.reflect.DirectMethodHandleAccessor.invoke(DirectMethodHandleAccessor.java:103)
	at java.base/java.lang.reflect.Method.invoke(Method.java:580)
	at org.gradle.internal.dispatch.ReflectionDispatch.dispatch(ReflectionDispatch.java:36)
	at org.gradle.internal.dispatch.ReflectionDispatch.dispatch(ReflectionDispatch.java:24)
	at org.gradle.internal.dispatch.ContextClassLoaderDispatch.dispatch(ContextClassLoaderDispatch.java:33)
	at org.gradle.internal.dispatch.ProxyDispatchAdapter$DispatchingInvocationHandler.invoke(ProxyDispatchAdapter.java:92)
	at jdk.proxy1/jdk.proxy1.$Proxy4.stop(Unknown Source)
	at org.gradle.api.internal.tasks.testing.worker.TestWorker$3.run(TestWorker.java:200)
	at org.gradle.api.internal.tasks.testing.worker.TestWorker.executeAndMaintainThreadName(TestWorker.java:132)
	at org.gradle.api.internal.tasks.testing.worker.TestWorker.execute(TestWorker.java:103)
	at org.gradle.api.internal.tasks.testing.worker.TestWorker.execute(TestWorker.java:63)
	at org.gradle.process.internal.worker.child.ActionExecutionWorker.execute(ActionExecutionWorker.java:56)
	at org.gradle.process.internal.worker.child.SystemApplicationClassLoaderWorker.call(SystemApplicationClassLoaderWorker.java:122)
	at org.gradle.process.internal.worker.child.SystemApplicationClassLoaderWorker.call(SystemApplicationClassLoaderWorker.java:72)
	at worker.org.gradle.process.internal.worker.GradleWorkerMain.run(GradleWorkerMain.java:69)
	at worker.org.gradle.process.internal.worker.GradleWorkerMain.main(GradleWorkerMain.java:74)
Caused by: java.lang.NumberFormatException: For input string: "s"
	at java.base/java.lang.NumberFormatException.forInputString(NumberFormatException.java:67)
	at java.base/java.lang.Long.parseLong(Long.java:709)
	at java.base/java.lang.Long.valueOf(Long.java:1157)
	at org.springframework.util.NumberUtils.parseNumber(NumberUtils.java:204)
	at org.springframework.beans.propertyeditors.CustomNumberEditor.setAsText(CustomNumberEditor.java:115)
	at org.springframework.beans.TypeConverterDelegate.doConvertTextValue(TypeConverterDelegate.java:439)
	at org.springframework.beans.TypeConverterDelegate.doConvertValue(TypeConverterDelegate.java:412)
	at org.springframework.beans.TypeConverterDelegate.convertIfNecessary(TypeConverterDelegate.java:161)
	at org.springframework.beans.TypeConverterSupport.convertIfNecessary(TypeConverterSupport.java:80)
	at org.springframework.beans.TypeConverterSupport.convertIfNecessary(TypeConverterSupport.java:53)
	at org.springframework.validation.DataBinder.convertIfNecessary(DataBinder.java:866)
	at org.springframework.web.method.annotation.AbstractNamedValueMethodArgumentResolver.convertIfNecessary(AbstractNamedValueMethodArgumentResolver.java:293)
	... 113 common frames omitted
2025-11-02 19:01:05 [Test worker] INFO  o.s.t.c.s.AnnotationConfigContextLoaderUtils - Could not detect default configuration classes for test class [com.example.digitalWalletDemo.controller.WalletControllerTest]: WalletControllerTest does not declare any static, non-private, non-final, nested classes annotated with @Configuration.
2025-11-02 19:01:05 [Test worker] INFO  o.s.b.t.c.SpringBootTestContextBootstrapper - Found @SpringBootConfiguration com.example.digitalWalletDemo.DigitalWalletDemoApplication for test class com.example.digitalWalletDemo.controller.WalletControllerTest
2025-11-02 19:01:05 [Test worker] INFO  c.e.d.c.WalletControllerTest - Starting WalletControllerTest using Java 21.0.8 with PID 30872 (started by shubhamkumar in /Users/shubhamkumar/Desktop/Source/digitalWalletDemo)
2025-11-02 19:01:05 [Test worker] DEBUG c.e.d.c.WalletControllerTest - Running with Spring Boot v3.4.2, Spring v6.2.2
2025-11-02 19:01:05 [Test worker] INFO  c.e.d.c.WalletControllerTest - No active profile set, falling back to 1 default profile: "default"
2025-11-02 19:01:05 [Test worker] INFO  o.s.b.t.m.w.SpringBootMockServletContext - Initializing Spring TestDispatcherServlet ''
2025-11-02 19:01:05 [Test worker] INFO  o.s.t.w.s.TestDispatcherServlet - Initializing Servlet ''
2025-11-02 19:01:05 [Test worker] INFO  o.s.t.w.s.TestDispatcherServlet - Completed initialization in 0 ms
2025-11-02 19:01:05 [Test worker] INFO  c.e.d.c.WalletControllerTest - Started WalletControllerTest in 0.228 seconds (process running for 5.814)
2025-11-02 19:01:05 [Test worker] INFO  o.s.t.c.s.AnnotationConfigContextLoaderUtils - Could not detect default configuration classes for test class [com.example.digitalWalletDemo.repository.TransactionRepositoryEdgeCasesTest]: TransactionRepositoryEdgeCasesTest does not declare any static, non-private, non-final, nested classes annotated with @Configuration.
2025-11-02 19:01:05 [Test worker] INFO  o.s.b.t.c.SpringBootTestContextBootstrapper - Found @SpringBootConfiguration com.example.digitalWalletDemo.DigitalWalletDemoApplication for test class com.example.digitalWalletDemo.repository.TransactionRepositoryEdgeCasesTest
2025-11-02 19:01:05 [Test worker] INFO  c.e.d.r.TransactionRepositoryEdgeCasesTest - Starting TransactionRepositoryEdgeCasesTest using Java 21.0.8 with PID 30872 (started by shubhamkumar in /Users/shubhamkumar/Desktop/Source/digitalWalletDemo)
2025-11-02 19:01:05 [Test worker] DEBUG c.e.d.r.TransactionRepositoryEdgeCasesTest - Running with Spring Boot v3.4.2, Spring v6.2.2
2025-11-02 19:01:05 [Test worker] INFO  c.e.d.r.TransactionRepositoryEdgeCasesTest - No active profile set, falling back to 1 default profile: "default"
2025-11-02 19:01:05 [Test worker] INFO  o.s.d.r.c.RepositoryConfigurationDelegate - Bootstrapping Spring Data JPA repositories in DEFAULT mode.
2025-11-02 19:01:05 [Test worker] INFO  o.s.d.r.c.RepositoryConfigurationDelegate - Finished Spring Data repository scanning in 11 ms. Found 3 JPA repository interfaces.
2025-11-02 19:01:05 [Test worker] INFO  o.s.b.t.a.j.TestDatabaseAutoConfiguration$EmbeddedDataSourceBeanFactoryPostProcessor - Replacing 'dataSource' DataSource bean with embedded version
2025-11-02 19:01:05 [Test worker] INFO  o.s.j.d.e.EmbeddedDatabaseFactory - Starting embedded database: url='jdbc:h2:mem:8fae5e49-e090-4330-ad24-2aac72ca3e44;DB_CLOSE_DELAY=-1;DB_CLOSE_ON_EXIT=false', username='sa'
2025-11-02 19:01:05 [Test worker] INFO  o.h.jpa.internal.util.LogHelper - HHH000204: Processing PersistenceUnitInfo [name: default]
2025-11-02 19:01:05 [Test worker] INFO  o.h.c.i.RegionFactoryInitiator - HHH000026: Second-level cache disabled
2025-11-02 19:01:05 [Test worker] INFO  o.s.o.j.p.SpringPersistenceUnitInfo - No LoadTimeWeaver setup: ignoring JPA class transformer
2025-11-02 19:01:05 [Test worker] INFO  o.hibernate.orm.connections.pooling - HHH10001005: Database info:
	Database JDBC URL [Connecting through datasource 'org.springframework.jdbc.datasource.embedded.EmbeddedDatabaseFactory$EmbeddedDataSourceProxy@5c7ad877']
	Database driver: undefined/unknown
	Database version: 2.3.232
	Autocommit mode: undefined/unknown
	Isolation level: undefined/unknown
	Minimum pool size: undefined/unknown
	Maximum pool size: undefined/unknown
2025-11-02 19:01:05 [Test worker] INFO  o.h.e.t.j.p.i.JtaPlatformInitiator - HHH000489: No JTA platform available (set 'hibernate.transaction.jta.platform' to enable JTA platform integration)
2025-11-02 19:01:05 [Test worker] DEBUG org.hibernate.SQL - 
    create table transactions (
        id bigint generated by default as identity,
        amount numeric(38,2) not null,
        description varchar(255),
        timestamp TIMESTAMP(6),
        type enum ('CREDIT','DEBIT','TRANSFER') not null,
        wallet_id bigint not null,
        primary key (id)
    )
2025-11-02 19:01:05 [Test worker] DEBUG org.hibernate.SQL - 
    create table users (
        id bigint generated by default as identity,
        password varchar(255) not null,
        username varchar(255) not null,
        primary key (id)
    )
2025-11-02 19:01:05 [Test worker] DEBUG org.hibernate.SQL - 
    create table wallets (
        id bigint generated by default as identity,
        balance numeric(38,2) not null,
        version bigint,
        wallet_name varchar(255),
        user_id bigint,
        primary key (id)
    )
2025-11-02 19:01:05 [Test worker] DEBUG org.hibernate.SQL - 
    alter table if exists users 
       drop constraint if exists UKr43af9ap4edm43mmtq01oddj6
2025-11-02 19:01:05 [Test worker] DEBUG org.hibernate.SQL - 
    alter table if exists users 
       add constraint UKr43af9ap4edm43mmtq01oddj6 unique (username)
2025-11-02 19:01:05 [Test worker] DEBUG org.hibernate.SQL - 
    alter table if exists transactions 
       add constraint FK23bop5lktue0o5q7kr19ti8h 
       foreign key (wallet_id) 
       references wallets
2025-11-02 19:01:05 [Test worker] DEBUG org.hibernate.SQL - 
    alter table if exists wallets 
       add constraint FKc1foyisidw7wqqrkamafuwn4e 
       foreign key (user_id) 
       references users
2025-11-02 19:01:05 [Test worker] INFO  o.s.o.j.LocalContainerEntityManagerFactoryBean - Initialized JPA EntityManagerFactory for persistence unit 'default'
2025-11-02 19:01:05 [Test worker] INFO  c.e.d.r.TransactionRepositoryEdgeCasesTest - Started TransactionRepositoryEdgeCasesTest in 0.27 seconds (process running for 6.229)
2025-11-02 19:01:05 [Test worker] DEBUG org.hibernate.SQL - 
    insert 
    into
        users
        (password, username, id) 
    values
        (?, ?, default)
2025-11-02 19:01:05 [Test worker] DEBUG org.hibernate.SQL - 
    insert 
    into
        wallets
        (balance, user_id, version, wallet_name, id) 
    values
        (?, ?, ?, ?, default)
2025-11-02 19:01:05 [Test worker] DEBUG org.hibernate.SQL - 
    insert 
    into
        transactions
        (amount, description, timestamp, type, wallet_id, id) 
    values
        (?, ?, ?, ?, ?, default)
2025-11-02 19:01:05 [Test worker] DEBUG org.hibernate.SQL - 
    insert 
    into
        transactions
        (amount, description, timestamp, type, wallet_id, id) 
    values
        (?, ?, ?, ?, ?, default)
2025-11-02 19:01:05 [Test worker] DEBUG org.hibernate.SQL - 
    insert 
    into
        transactions
        (amount, description, timestamp, type, wallet_id, id) 
    values
        (?, ?, ?, ?, ?, default)
2025-11-02 19:01:05 [Test worker] DEBUG org.hibernate.SQL - 
    select
        t1_0.id,
        t1_0.amount,
        t1_0.description,
        t1_0.timestamp,
        t1_0.type,
        t1_0.wallet_id 
    from
        transactions t1_0 
    where
        t1_0.wallet_id=? 
    order by
        t1_0.timestamp desc
2025-11-02 19:01:05 [Test worker] DEBUG org.hibernate.SQL - 
    insert 
    into
        users
        (password, username, id) 
    values
        (?, ?, default)
2025-11-02 19:01:05 [Test worker] DEBUG org.hibernate.SQL - 
    insert 
    into
        wallets
        (balance, user_id, version, wallet_name, id) 
    values
        (?, ?, ?, ?, default)
2025-11-02 19:01:05 [Test worker] DEBUG org.hibernate.SQL - 
    insert 
    into
        transactions
        (amount, description, timestamp, type, wallet_id, id) 
    values
        (?, ?, ?, ?, ?, default)
2025-11-02 19:01:05 [Test worker] DEBUG org.hibernate.SQL - 
    insert 
    into
        transactions
        (amount, description, timestamp, type, wallet_id, id) 
    values
        (?, ?, ?, ?, ?, default)
2025-11-02 19:01:05 [Test worker] DEBUG org.hibernate.SQL - 
    insert 
    into
        transactions
        (amount, description, timestamp, type, wallet_id, id) 
    values
        (?, ?, ?, ?, ?, default)
2025-11-02 19:01:05 [Test worker] DEBUG org.hibernate.SQL - 
    select
        t1_0.type,
        sum(t1_0.amount) 
    from
        transactions t1_0 
    where
        t1_0.wallet_id=? 
    group by
        t1_0.type
2025-11-02 19:01:05 [Test worker] DEBUG org.hibernate.SQL - 
    insert 
    into
        users
        (password, username, id) 
    values
        (?, ?, default)
2025-11-02 19:01:05 [Test worker] DEBUG org.hibernate.SQL - 
    insert 
    into
        wallets
        (balance, user_id, version, wallet_name, id) 
    values
        (?, ?, ?, ?, default)
2025-11-02 19:01:05 [Test worker] DEBUG org.hibernate.SQL - 
    insert 
    into
        transactions
        (amount, description, timestamp, type, wallet_id, id) 
    values
        (?, ?, ?, ?, ?, default)
2025-11-02 19:01:05 [Test worker] DEBUG org.hibernate.SQL - 
    insert 
    into
        transactions
        (amount, description, timestamp, type, wallet_id, id) 
    values
        (?, ?, ?, ?, ?, default)
2025-11-02 19:01:05 [Test worker] DEBUG org.hibernate.SQL - 
    insert 
    into
        transactions
        (amount, description, timestamp, type, wallet_id, id) 
    values
        (?, ?, ?, ?, ?, default)
2025-11-02 19:01:05 [Test worker] DEBUG org.hibernate.SQL - 
    select
        t1_0.id,
        t1_0.amount,
        t1_0.description,
        t1_0.timestamp,
        t1_0.type,
        t1_0.wallet_id 
    from
        transactions t1_0 
    join
        wallets w1_0 
            on w1_0.id=t1_0.wallet_id 
    where
        w1_0.user_id=? 
        and t1_0.timestamp between ? and ? 
        and (
            ? is null 
            or t1_0.type=?
        ) 
    order by
        t1_0.timestamp desc
2025-11-02 19:01:05 [Test worker] INFO  o.s.t.c.s.AnnotationConfigContextLoaderUtils - Could not detect default configuration classes for test class [com.example.digitalWalletDemo.repository.TransactionRepositoryIntegrationTest]: TransactionRepositoryIntegrationTest does not declare any static, non-private, non-final, nested classes annotated with @Configuration.
2025-11-02 19:01:05 [Test worker] INFO  o.s.b.t.c.SpringBootTestContextBootstrapper - Found @SpringBootConfiguration com.example.digitalWalletDemo.DigitalWalletDemoApplication for test class com.example.digitalWalletDemo.repository.TransactionRepositoryIntegrationTest
2025-11-02 19:01:05 [Test worker] INFO  c.e.d.r.TransactionRepositoryIntegrationTest - Starting TransactionRepositoryIntegrationTest using Java 21.0.8 with PID 30872 (started by shubhamkumar in /Users/shubhamkumar/Desktop/Source/digitalWalletDemo)
2025-11-02 19:01:05 [Test worker] DEBUG c.e.d.r.TransactionRepositoryIntegrationTest - Running with Spring Boot v3.4.2, Spring v6.2.2
2025-11-02 19:01:05 [Test worker] INFO  c.e.d.r.TransactionRepositoryIntegrationTest - No active profile set, falling back to 1 default profile: "default"
2025-11-02 19:01:06 [Test worker] INFO  o.s.d.r.c.RepositoryConfigurationDelegate - Bootstrapping Spring Data JPA repositories in DEFAULT mode.
2025-11-02 19:01:06 [Test worker] INFO  o.s.d.r.c.RepositoryConfigurationDelegate - Finished Spring Data repository scanning in 10 ms. Found 3 JPA repository interfaces.
2025-11-02 19:01:06 [Test worker] INFO  o.s.b.t.a.j.TestDatabaseAutoConfiguration$EmbeddedDataSourceBeanFactoryPostProcessor - Replacing 'dataSource' DataSource bean with embedded version
2025-11-02 19:01:06 [Test worker] INFO  o.s.j.d.e.EmbeddedDatabaseFactory - Starting embedded database: url='jdbc:h2:mem:b8e5dfd0-045e-4502-8b6b-e59fc608a81e;DB_CLOSE_DELAY=-1;DB_CLOSE_ON_EXIT=false', username='sa'
2025-11-02 19:01:06 [Test worker] INFO  o.h.jpa.internal.util.LogHelper - HHH000204: Processing PersistenceUnitInfo [name: default]
2025-11-02 19:01:06 [Test worker] INFO  o.h.c.i.RegionFactoryInitiator - HHH000026: Second-level cache disabled
2025-11-02 19:01:06 [Test worker] INFO  o.s.o.j.p.SpringPersistenceUnitInfo - No LoadTimeWeaver setup: ignoring JPA class transformer
2025-11-02 19:01:06 [Test worker] INFO  o.hibernate.orm.connections.pooling - HHH10001005: Database info:
	Database JDBC URL [Connecting through datasource 'org.springframework.jdbc.datasource.embedded.EmbeddedDatabaseFactory$EmbeddedDataSourceProxy@6ec5e204']
	Database driver: undefined/unknown
	Database version: 2.3.232
	Autocommit mode: undefined/unknown
	Isolation level: undefined/unknown
	Minimum pool size: undefined/unknown
	Maximum pool size: undefined/unknown
2025-11-02 19:01:06 [Test worker] INFO  o.h.e.t.j.p.i.JtaPlatformInitiator - HHH000489: No JTA platform available (set 'hibernate.transaction.jta.platform' to enable JTA platform integration)
2025-11-02 19:01:06 [Test worker] DEBUG org.hibernate.SQL - 
    create table transactions (
        id bigint generated by default as identity,
        amount numeric(38,2) not null,
        description varchar(255),
        timestamp TIMESTAMP(6),
        type enum ('CREDIT','DEBIT','TRANSFER') not null,
        wallet_id bigint not null,
        primary key (id)
    )
2025-11-02 19:01:06 [Test worker] DEBUG org.hibernate.SQL - 
    create table users (
        id bigint generated by default as identity,
        password varchar(255) not null,
        username varchar(255) not null,
        primary key (id)
    )
2025-11-02 19:01:06 [Test worker] DEBUG org.hibernate.SQL - 
    create table wallets (
        id bigint generated by default as identity,
        balance numeric(38,2) not null,
        version bigint,
        wallet_name varchar(255),
        user_id bigint,
        primary key (id)
    )
2025-11-02 19:01:06 [Test worker] DEBUG org.hibernate.SQL - 
    alter table if exists users 
       drop constraint if exists UKr43af9ap4edm43mmtq01oddj6
2025-11-02 19:01:06 [Test worker] DEBUG org.hibernate.SQL - 
    alter table if exists users 
       add constraint UKr43af9ap4edm43mmtq01oddj6 unique (username)
2025-11-02 19:01:06 [Test worker] DEBUG org.hibernate.SQL - 
    alter table if exists transactions 
       add constraint FK23bop5lktue0o5q7kr19ti8h 
       foreign key (wallet_id) 
       references wallets
2025-11-02 19:01:06 [Test worker] DEBUG org.hibernate.SQL - 
    alter table if exists wallets 
       add constraint FKc1foyisidw7wqqrkamafuwn4e 
       foreign key (user_id) 
       references users
2025-11-02 19:01:06 [Test worker] INFO  o.s.o.j.LocalContainerEntityManagerFactoryBean - Initialized JPA EntityManagerFactory for persistence unit 'default'
2025-11-02 19:01:06 [Test worker] WARN  o.s.b.a.o.j.JpaBaseConfiguration$JpaWebConfiguration - spring.jpa.open-in-view is enabled by default. Therefore, database queries may be performed during view rendering. Explicitly configure spring.jpa.open-in-view to disable this warning
2025-11-02 19:01:06 [Test worker] INFO  o.s.b.a.h.H2ConsoleAutoConfiguration - H2 console available at '/h2-console'. Database available at 'jdbc:h2:mem:b8e5dfd0-045e-4502-8b6b-e59fc608a81e'
2025-11-02 19:01:06 [Test worker] INFO  o.s.b.a.e.web.EndpointLinksResolver - Exposing 15 endpoints beneath base path '/actuator'
2025-11-02 19:01:06 [Test worker] INFO  c.e.d.r.TransactionRepositoryIntegrationTest - Started TransactionRepositoryIntegrationTest in 0.719 seconds (process running for 7.12)
2025-11-02 19:01:06 [Test worker] DEBUG org.hibernate.SQL - 
    select
        t1_0.id,
        t1_0.amount,
        t1_0.description,
        t1_0.timestamp,
        t1_0.type,
        t1_0.wallet_id 
    from
        transactions t1_0
2025-11-02 19:01:06 [Test worker] DEBUG org.hibernate.SQL - 
    select
        w1_0.id,
        w1_0.balance,
        w1_0.user_id,
        w1_0.version,
        w1_0.wallet_name 
    from
        wallets w1_0
2025-11-02 19:01:06 [Test worker] DEBUG org.hibernate.SQL - 
    select
        u1_0.id,
        u1_0.password,
        u1_0.username 
    from
        users u1_0
2025-11-02 19:01:06 [Test worker] DEBUG org.hibernate.SQL - 
    insert 
    into
        users
        (password, username, id) 
    values
        (?, ?, default)
2025-11-02 19:01:06 [Test worker] DEBUG org.hibernate.SQL - 
    insert 
    into
        wallets
        (balance, user_id, version, wallet_name, id) 
    values
        (?, ?, ?, ?, default)
2025-11-02 19:01:06 [Test worker] DEBUG org.hibernate.SQL - 
    insert 
    into
        transactions
        (amount, description, timestamp, type, wallet_id, id) 
    values
        (?, ?, ?, ?, ?, default)
2025-11-02 19:01:06 [Test worker] DEBUG org.hibernate.SQL - 
    select
        t1_0.id,
        t1_0.amount,
        t1_0.description,
        t1_0.timestamp,
        t1_0.type,
        t1_0.wallet_id 
    from
        transactions t1_0 
    join
        wallets w1_0 
            on w1_0.id=t1_0.wallet_id 
    where
        w1_0.user_id=? 
        and t1_0.timestamp between ? and ? 
        and (
            ? is null 
            or t1_0.type=?
        ) 
    order by
        t1_0.timestamp desc
2025-11-02 19:01:06 [Test worker] DEBUG org.hibernate.SQL - 
    select
        t1_0.id,
        t1_0.amount,
        t1_0.description,
        t1_0.timestamp,
        t1_0.type,
        t1_0.wallet_id 
    from
        transactions t1_0
2025-11-02 19:01:06 [Test worker] DEBUG org.hibernate.SQL - 
    select
        w1_0.id,
        w1_0.balance,
        w1_0.user_id,
        w1_0.version,
        w1_0.wallet_name 
    from
        wallets w1_0
2025-11-02 19:01:06 [Test worker] DEBUG org.hibernate.SQL - 
    select
        u1_0.id,
        u1_0.password,
        u1_0.username 
    from
        users u1_0
2025-11-02 19:01:06 [Test worker] DEBUG org.hibernate.SQL - 
    insert 
    into
        users
        (password, username, id) 
    values
        (?, ?, default)
2025-11-02 19:01:06 [Test worker] DEBUG org.hibernate.SQL - 
    insert 
    into
        wallets
        (balance, user_id, version, wallet_name, id) 
    values
        (?, ?, ?, ?, default)
2025-11-02 19:01:06 [Test worker] DEBUG org.hibernate.SQL - 
    insert 
    into
        transactions
        (amount, description, timestamp, type, wallet_id, id) 
    values
        (?, ?, ?, ?, ?, default)
2025-11-02 19:01:06 [Test worker] DEBUG org.hibernate.SQL - 
    select
        t1_0.id,
        t1_0.amount,
        t1_0.description,
        t1_0.timestamp,
        t1_0.type,
        t1_0.wallet_id 
    from
        transactions t1_0 
    left join
        wallets w1_0 
            on w1_0.id=t1_0.wallet_id 
    where
        w1_0.id=?
2025-11-02 19:01:06 [Test worker] DEBUG org.hibernate.SQL - 
    select
        t1_0.id,
        t1_0.amount,
        t1_0.description,
        t1_0.timestamp,
        t1_0.type,
        t1_0.wallet_id 
    from
        transactions t1_0
2025-11-02 19:01:06 [Test worker] DEBUG org.hibernate.SQL - 
    select
        w1_0.id,
        w1_0.balance,
        w1_0.user_id,
        w1_0.version,
        w1_0.wallet_name 
    from
        wallets w1_0
2025-11-02 19:01:06 [Test worker] DEBUG org.hibernate.SQL - 
    select
        u1_0.id,
        u1_0.password,
        u1_0.username 
    from
        users u1_0
2025-11-02 19:01:06 [Test worker] DEBUG org.hibernate.SQL - 
    insert 
    into
        users
        (password, username, id) 
    values
        (?, ?, default)
2025-11-02 19:01:06 [Test worker] DEBUG org.hibernate.SQL - 
    insert 
    into
        wallets
        (balance, user_id, version, wallet_name, id) 
    values
        (?, ?, ?, ?, default)
2025-11-02 19:01:06 [Test worker] INFO  o.s.t.c.s.AnnotationConfigContextLoaderUtils - Could not detect default configuration classes for test class [com.example.digitalWalletDemo.repository.TransactionRepositoryTest]: TransactionRepositoryTest does not declare any static, non-private, non-final, nested classes annotated with @Configuration.
2025-11-02 19:01:06 [Test worker] INFO  o.s.b.t.c.SpringBootTestContextBootstrapper - Found @SpringBootConfiguration com.example.digitalWalletDemo.DigitalWalletDemoApplication for test class com.example.digitalWalletDemo.repository.TransactionRepositoryTest
2025-11-02 19:01:06 [Test worker] DEBUG org.hibernate.SQL - 
    select
        t1_0.id,
        t1_0.amount,
        t1_0.description,
        t1_0.timestamp,
        t1_0.type,
        t1_0.wallet_id 
    from
        transactions t1_0
2025-11-02 19:01:06 [Test worker] DEBUG org.hibernate.SQL - 
    select
        w1_0.id,
        w1_0.balance,
        w1_0.user_id,
        w1_0.version,
        w1_0.wallet_name 
    from
        wallets w1_0
2025-11-02 19:01:06 [Test worker] DEBUG org.hibernate.SQL - 
    select
        u1_0.id,
        u1_0.password,
        u1_0.username 
    from
        users u1_0
2025-11-02 19:01:06 [Test worker] DEBUG org.hibernate.SQL - 
    insert 
    into
        users
        (password, username, id) 
    values
        (?, ?, default)
2025-11-02 19:01:06 [Test worker] DEBUG org.hibernate.SQL - 
    insert 
    into
        wallets
        (balance, user_id, version, wallet_name, id) 
    values
        (?, ?, ?, ?, default)
2025-11-02 19:01:06 [Test worker] DEBUG org.hibernate.SQL - 
    insert 
    into
        transactions
        (amount, description, timestamp, type, wallet_id, id) 
    values
        (?, ?, ?, ?, ?, default)
2025-11-02 19:01:06 [Test worker] DEBUG org.hibernate.SQL - 
    insert 
    into
        transactions
        (amount, description, timestamp, type, wallet_id, id) 
    values
        (?, ?, ?, ?, ?, default)
2025-11-02 19:01:06 [Test worker] DEBUG org.hibernate.SQL - 
    select
        t1_0.id,
        t1_0.amount,
        t1_0.description,
        t1_0.timestamp,
        t1_0.type,
        t1_0.wallet_id 
    from
        transactions t1_0 
    join
        wallets w1_0 
            on w1_0.id=t1_0.wallet_id 
    where
        w1_0.user_id=? 
        and t1_0.timestamp between ? and ? 
        and (
            ? is null 
            or t1_0.type=?
        ) 
    order by
        t1_0.timestamp desc
2025-11-02 19:01:06 [Test worker] DEBUG org.hibernate.SQL - 
    select
        t1_0.id,
        t1_0.amount,
        t1_0.description,
        t1_0.timestamp,
        t1_0.type,
        t1_0.wallet_id 
    from
        transactions t1_0
2025-11-02 19:01:06 [Test worker] DEBUG org.hibernate.SQL - 
    select
        w1_0.id,
        w1_0.balance,
        w1_0.user_id,
        w1_0.version,
        w1_0.wallet_name 
    from
        wallets w1_0
2025-11-02 19:01:06 [Test worker] DEBUG org.hibernate.SQL - 
    select
        u1_0.id,
        u1_0.password,
        u1_0.username 
    from
        users u1_0
2025-11-02 19:01:06 [Test worker] DEBUG org.hibernate.SQL - 
    insert 
    into
        users
        (password, username, id) 
    values
        (?, ?, default)
2025-11-02 19:01:06 [Test worker] DEBUG org.hibernate.SQL - 
    insert 
    into
        wallets
        (balance, user_id, version, wallet_name, id) 
    values
        (?, ?, ?, ?, default)
2025-11-02 19:01:06 [Test worker] DEBUG org.hibernate.SQL - 
    insert 
    into
        transactions
        (amount, description, timestamp, type, wallet_id, id) 
    values
        (?, ?, ?, ?, ?, default)
2025-11-02 19:01:06 [Test worker] DEBUG org.hibernate.SQL - 
    insert 
    into
        transactions
        (amount, description, timestamp, type, wallet_id, id) 
    values
        (?, ?, ?, ?, ?, default)
2025-11-02 19:01:06 [Test worker] DEBUG org.hibernate.SQL - 
    select
        t1_0.type,
        sum(t1_0.amount) 
    from
        transactions t1_0 
    where
        t1_0.wallet_id=? 
    group by
        t1_0.type
2025-11-02 19:01:06 [Test worker] DEBUG org.hibernate.SQL - 
    select
        t1_0.id,
        t1_0.amount,
        t1_0.description,
        t1_0.timestamp,
        t1_0.type,
        t1_0.wallet_id 
    from
        transactions t1_0
2025-11-02 19:01:06 [Test worker] DEBUG org.hibernate.SQL - 
    select
        w1_0.id,
        w1_0.balance,
        w1_0.user_id,
        w1_0.version,
        w1_0.wallet_name 
    from
        wallets w1_0
2025-11-02 19:01:06 [Test worker] DEBUG org.hibernate.SQL - 
    select
        u1_0.id,
        u1_0.password,
        u1_0.username 
    from
        users u1_0
2025-11-02 19:01:06 [Test worker] DEBUG org.hibernate.SQL - 
    insert 
    into
        users
        (password, username, id) 
    values
        (?, ?, default)
2025-11-02 19:01:06 [Test worker] DEBUG org.hibernate.SQL - 
    insert 
    into
        wallets
        (balance, user_id, version, wallet_name, id) 
    values
        (?, ?, ?, ?, default)
2025-11-02 19:01:06 [Test worker] DEBUG org.hibernate.SQL - 
    insert 
    into
        transactions
        (amount, description, timestamp, type, wallet_id, id) 
    values
        (?, ?, ?, ?, ?, default)
2025-11-02 19:01:06 [Test worker] DEBUG org.hibernate.SQL - 
    insert 
    into
        transactions
        (amount, description, timestamp, type, wallet_id, id) 
    values
        (?, ?, ?, ?, ?, default)
2025-11-02 19:01:06 [Test worker] DEBUG org.hibernate.SQL - 
    select
        t1_0.id,
        t1_0.amount,
        t1_0.description,
        t1_0.timestamp,
        t1_0.type,
        t1_0.wallet_id 
    from
        transactions t1_0 
    join
        wallets w1_0 
            on w1_0.id=t1_0.wallet_id 
    where
        w1_0.user_id=? 
        and t1_0.timestamp between ? and ? 
        and (
            ? is null 
            or t1_0.type=?
        ) 
    order by
        t1_0.timestamp desc
2025-11-02 19:01:06 [Test worker] DEBUG org.hibernate.SQL - 
    select
        t1_0.id,
        t1_0.amount,
        t1_0.description,
        t1_0.timestamp,
        t1_0.type,
        t1_0.wallet_id 
    from
        transactions t1_0
2025-11-02 19:01:06 [Test worker] DEBUG org.hibernate.SQL - 
    select
        w1_0.id,
        w1_0.balance,
        w1_0.user_id,
        w1_0.version,
        w1_0.wallet_name 
    from
        wallets w1_0
2025-11-02 19:01:06 [Test worker] DEBUG org.hibernate.SQL - 
    select
        u1_0.id,
        u1_0.password,
        u1_0.username 
    from
        users u1_0
2025-11-02 19:01:06 [Test worker] DEBUG org.hibernate.SQL - 
    insert 
    into
        users
        (password, username, id) 
    values
        (?, ?, default)
2025-11-02 19:01:06 [Test worker] DEBUG org.hibernate.SQL - 
    insert 
    into
        wallets
        (balance, user_id, version, wallet_name, id) 
    values
        (?, ?, ?, ?, default)
2025-11-02 19:01:06 [Test worker] DEBUG org.hibernate.SQL - 
    insert 
    into
        transactions
        (amount, description, timestamp, type, wallet_id, id) 
    values
        (?, ?, ?, ?, ?, default)
2025-11-02 19:01:06 [Test worker] DEBUG org.hibernate.SQL - 
    insert 
    into
        transactions
        (amount, description, timestamp, type, wallet_id, id) 
    values
        (?, ?, ?, ?, ?, default)
2025-11-02 19:01:06 [Test worker] DEBUG org.hibernate.SQL - 
    select
        t1_0.id,
        t1_0.amount,
        t1_0.description,
        t1_0.timestamp,
        t1_0.type,
        t1_0.wallet_id 
    from
        transactions t1_0 
    left join
        wallets w1_0 
            on w1_0.id=t1_0.wallet_id 
    where
        w1_0.id=?
2025-11-02 19:01:06 [Test worker] DEBUG org.hibernate.SQL - 
    select
        t1_0.id,
        t1_0.amount,
        t1_0.description,
        t1_0.timestamp,
        t1_0.type,
        t1_0.wallet_id 
    from
        transactions t1_0
2025-11-02 19:01:06 [Test worker] DEBUG org.hibernate.SQL - 
    select
        w1_0.id,
        w1_0.balance,
        w1_0.user_id,
        w1_0.version,
        w1_0.wallet_name 
    from
        wallets w1_0
2025-11-02 19:01:06 [Test worker] DEBUG org.hibernate.SQL - 
    select
        u1_0.id,
        u1_0.password,
        u1_0.username 
    from
        users u1_0
2025-11-02 19:01:06 [Test worker] DEBUG org.hibernate.SQL - 
    insert 
    into
        users
        (password, username, id) 
    values
        (?, ?, default)
2025-11-02 19:01:06 [Test worker] DEBUG org.hibernate.SQL - 
    insert 
    into
        wallets
        (balance, user_id, version, wallet_name, id) 
    values
        (?, ?, ?, ?, default)
2025-11-02 19:01:06 [Test worker] DEBUG org.hibernate.SQL - 
    insert 
    into
        transactions
        (amount, description, timestamp, type, wallet_id, id) 
    values
        (?, ?, ?, ?, ?, default)
2025-11-02 19:01:06 [Test worker] DEBUG org.hibernate.SQL - 
    insert 
    into
        transactions
        (amount, description, timestamp, type, wallet_id, id) 
    values
        (?, ?, ?, ?, ?, default)
2025-11-02 19:01:06 [Test worker] DEBUG org.hibernate.SQL - 
    insert 
    into
        wallets
        (balance, user_id, version, wallet_name, id) 
    values
        (?, ?, ?, ?, default)
2025-11-02 19:01:06 [Test worker] DEBUG org.hibernate.SQL - 
    select
        t1_0.type,
        sum(t1_0.amount) 
    from
        transactions t1_0 
    where
        t1_0.wallet_id=? 
    group by
        t1_0.type
2025-11-02 19:01:06 [Test worker] DEBUG org.hibernate.SQL - 
    select
        t1_0.id,
        t1_0.amount,
        t1_0.description,
        t1_0.timestamp,
        t1_0.type,
        t1_0.wallet_id 
    from
        transactions t1_0
2025-11-02 19:01:06 [Test worker] DEBUG org.hibernate.SQL - 
    select
        w1_0.id,
        w1_0.balance,
        w1_0.user_id,
        w1_0.version,
        w1_0.wallet_name 
    from
        wallets w1_0
2025-11-02 19:01:06 [Test worker] DEBUG org.hibernate.SQL - 
    select
        u1_0.id,
        u1_0.password,
        u1_0.username 
    from
        users u1_0
2025-11-02 19:01:06 [Test worker] DEBUG org.hibernate.SQL - 
    insert 
    into
        users
        (password, username, id) 
    values
        (?, ?, default)
2025-11-02 19:01:06 [Test worker] DEBUG org.hibernate.SQL - 
    insert 
    into
        wallets
        (balance, user_id, version, wallet_name, id) 
    values
        (?, ?, ?, ?, default)
2025-11-02 19:01:06 [Test worker] DEBUG org.hibernate.SQL - 
    insert 
    into
        transactions
        (amount, description, timestamp, type, wallet_id, id) 
    values
        (?, ?, ?, ?, ?, default)
2025-11-02 19:01:06 [Test worker] DEBUG org.hibernate.SQL - 
    insert 
    into
        transactions
        (amount, description, timestamp, type, wallet_id, id) 
    values
        (?, ?, ?, ?, ?, default)
2025-11-02 19:01:06 [Test worker] DEBUG org.hibernate.SQL - 
    select
        t1_0.id,
        t1_0.amount,
        t1_0.description,
        t1_0.timestamp,
        t1_0.type,
        t1_0.wallet_id 
    from
        transactions t1_0 
    join
        wallets w1_0 
            on w1_0.id=t1_0.wallet_id 
    where
        w1_0.user_id=? 
        and t1_0.timestamp between ? and ? 
        and (
            ? is null 
            or t1_0.type=?
        ) 
    order by
        t1_0.timestamp desc
2025-11-02 19:01:06 [Test worker] DEBUG org.hibernate.SQL - 
    select
        t1_0.id,
        t1_0.amount,
        t1_0.description,
        t1_0.timestamp,
        t1_0.type,
        t1_0.wallet_id 
    from
        transactions t1_0
2025-11-02 19:01:06 [Test worker] DEBUG org.hibernate.SQL - 
    select
        w1_0.id,
        w1_0.balance,
        w1_0.user_id,
        w1_0.version,
        w1_0.wallet_name 
    from
        wallets w1_0
2025-11-02 19:01:06 [Test worker] DEBUG org.hibernate.SQL - 
    select
        u1_0.id,
        u1_0.password,
        u1_0.username 
    from
        users u1_0
2025-11-02 19:01:06 [Test worker] DEBUG org.hibernate.SQL - 
    insert 
    into
        users
        (password, username, id) 
    values
        (?, ?, default)
2025-11-02 19:01:06 [Test worker] DEBUG org.hibernate.SQL - 
    insert 
    into
        wallets
        (balance, user_id, version, wallet_name, id) 
    values
        (?, ?, ?, ?, default)
2025-11-02 19:01:06 [Test worker] DEBUG org.hibernate.SQL - 
    insert 
    into
        transactions
        (amount, description, timestamp, type, wallet_id, id) 
    values
        (?, ?, ?, ?, ?, default)
2025-11-02 19:01:06 [Test worker] DEBUG org.hibernate.SQL - 
    insert 
    into
        transactions
        (amount, description, timestamp, type, wallet_id, id) 
    values
        (?, ?, ?, ?, ?, default)
2025-11-02 19:01:06 [Test worker] DEBUG org.hibernate.SQL - 
    select
        t1_0.id,
        t1_0.amount,
        t1_0.description,
        t1_0.timestamp,
        t1_0.type,
        t1_0.wallet_id 
    from
        transactions t1_0 
    left join
        wallets w1_0 
            on w1_0.id=t1_0.wallet_id 
    where
        w1_0.id=?
2025-11-02 19:01:06 [Test worker] INFO  o.s.t.c.s.AnnotationConfigContextLoaderUtils - Could not detect default configuration classes for test class [com.example.digitalWalletDemo.repository.UserRepositoryIntegrationTest]: UserRepositoryIntegrationTest does not declare any static, non-private, non-final, nested classes annotated with @Configuration.
2025-11-02 19:01:06 [Test worker] INFO  o.s.b.t.c.SpringBootTestContextBootstrapper - Found @SpringBootConfiguration com.example.digitalWalletDemo.DigitalWalletDemoApplication for test class com.example.digitalWalletDemo.repository.UserRepositoryIntegrationTest
2025-11-02 19:01:06 [Test worker] DEBUG org.hibernate.SQL - 
    select
        w1_0.id,
        w1_0.balance,
        w1_0.user_id,
        w1_0.version,
        w1_0.wallet_name 
    from
        wallets w1_0
2025-11-02 19:01:06 [Test worker] DEBUG org.hibernate.SQL - 
    select
        u1_0.id,
        u1_0.password,
        u1_0.username 
    from
        users u1_0
2025-11-02 19:01:06 [Test worker] DEBUG org.hibernate.SQL - 
    insert 
    into
        users
        (password, username, id) 
    values
        (?, ?, default)
2025-11-02 19:01:06 [Test worker] DEBUG org.hibernate.SQL - 
    insert 
    into
        wallets
        (balance, user_id, version, wallet_name, id) 
    values
        (?, ?, ?, ?, default)
2025-11-02 19:01:06 [Test worker] DEBUG org.hibernate.SQL - 
    insert 
    into
        wallets
        (balance, user_id, version, wallet_name, id) 
    values
        (?, ?, ?, ?, default)
2025-11-02 19:01:06 [Test worker] DEBUG org.hibernate.SQL - 
    select
        w1_0.id,
        w1_0.balance,
        w1_0.user_id,
        w1_0.version,
        w1_0.wallet_name 
    from
        wallets w1_0
2025-11-02 19:01:06 [Test worker] DEBUG org.hibernate.SQL - 
    select
        u1_0.id,
        u1_0.password,
        u1_0.username 
    from
        users u1_0
2025-11-02 19:01:06 [Test worker] DEBUG org.hibernate.SQL - 
    insert 
    into
        users
        (password, username, id) 
    values
        (?, ?, default)
2025-11-02 19:01:06 [Test worker] DEBUG org.hibernate.SQL - 
    insert 
    into
        wallets
        (balance, user_id, version, wallet_name, id) 
    values
        (?, ?, ?, ?, default)
2025-11-02 19:01:06 [Test worker] DEBUG org.hibernate.SQL - 
    select
        w1_0.id,
        w1_0.balance,
        w1_0.user_id,
        w1_0.version,
        w1_0.wallet_name 
    from
        wallets w1_0
2025-11-02 19:01:06 [Test worker] DEBUG org.hibernate.SQL - 
    select
        u1_0.id,
        u1_0.password,
        u1_0.username 
    from
        users u1_0
2025-11-02 19:01:06 [Test worker] DEBUG org.hibernate.SQL - 
    insert 
    into
        users
        (password, username, id) 
    values
        (?, ?, default)
2025-11-02 19:01:06 [Test worker] DEBUG org.hibernate.SQL - 
    insert 
    into
        wallets
        (balance, user_id, version, wallet_name, id) 
    values
        (?, ?, ?, ?, default)
2025-11-02 19:01:06 [Test worker] DEBUG org.hibernate.SQL - 
    delete 
    from
        wallets 
    where
        id=? 
        and version=?
2025-11-02 19:01:06 [Test worker] DEBUG org.hibernate.SQL - 
    delete 
    from
        users 
    where
        id=?
2025-11-02 19:01:06 [Test worker] DEBUG org.hibernate.SQL - 
    select
        w1_0.id,
        w1_0.balance,
        w1_0.user_id,
        w1_0.version,
        w1_0.wallet_name 
    from
        wallets w1_0
2025-11-02 19:01:06 [Test worker] DEBUG org.hibernate.SQL - 
    select
        w1_0.id,
        w1_0.balance,
        w1_0.user_id,
        w1_0.version,
        w1_0.wallet_name 
    from
        wallets w1_0
2025-11-02 19:01:06 [Test worker] DEBUG org.hibernate.SQL - 
    select
        u1_0.id,
        u1_0.password,
        u1_0.username 
    from
        users u1_0
2025-11-02 19:01:06 [Test worker] DEBUG org.hibernate.SQL - 
    insert 
    into
        users
        (password, username, id) 
    values
        (?, ?, default)
2025-11-02 19:01:06 [Test worker] DEBUG org.hibernate.SQL - 
    insert 
    into
        wallets
        (balance, user_id, version, wallet_name, id) 
    values
        (?, ?, ?, ?, default)
2025-11-02 19:01:06 [Test worker] DEBUG org.hibernate.SQL - 
    insert 
    into
        wallets
        (balance, user_id, version, wallet_name, id) 
    values
        (?, ?, ?, ?, default)
2025-11-02 19:01:06 [Test worker] DEBUG org.hibernate.SQL - 
    delete 
    from
        wallets 
    where
        id=? 
        and version=?
2025-11-02 19:01:06 [Test worker] DEBUG org.hibernate.SQL - 
    select
        w1_0.id,
        w1_0.balance,
        w1_0.user_id,
        w1_0.version,
        w1_0.wallet_name 
    from
        wallets w1_0
2025-11-02 19:01:06 [Test worker] DEBUG org.hibernate.SQL - 
    select
        w1_0.id,
        w1_0.balance,
        w1_0.user_id,
        w1_0.version,
        w1_0.wallet_name 
    from
        wallets w1_0
2025-11-02 19:01:06 [Test worker] DEBUG org.hibernate.SQL - 
    select
        u1_0.id,
        u1_0.password,
        u1_0.username 
    from
        users u1_0
2025-11-02 19:01:06 [Test worker] DEBUG org.hibernate.SQL - 
    insert 
    into
        users
        (password, username, id) 
    values
        (?, ?, default)
2025-11-02 19:01:06 [Test worker] DEBUG org.hibernate.SQL - 
    insert 
    into
        users
        (password, username, id) 
    values
        (?, ?, default)
2025-11-02 19:01:06 [Test worker] WARN  o.h.e.jdbc.spi.SqlExceptionHelper - SQL Error: 23505, SQLState: 23505
2025-11-02 19:01:06 [Test worker] ERROR o.h.e.jdbc.spi.SqlExceptionHelper - Unique index or primary key violation: "PUBLIC.UKR43AF9AP4EDM43MMTQ01ODDJ6_INDEX_4 ON PUBLIC.USERS(USERNAME NULLS FIRST) VALUES ( /* 8 */ 'bob' )"; SQL statement:
insert into users (password,username,id) values (?,?,default) [23505-232]
2025-11-02 19:01:06 [Test worker] INFO  o.s.t.c.s.AnnotationConfigContextLoaderUtils - Could not detect default configuration classes for test class [com.example.digitalWalletDemo.repository.UserRepositoryTest]: UserRepositoryTest does not declare any static, non-private, non-final, nested classes annotated with @Configuration.
2025-11-02 19:01:06 [Test worker] INFO  o.s.b.t.c.SpringBootTestContextBootstrapper - Found @SpringBootConfiguration com.example.digitalWalletDemo.DigitalWalletDemoApplication for test class com.example.digitalWalletDemo.repository.UserRepositoryTest
2025-11-02 19:01:06 [Test worker] DEBUG org.hibernate.SQL - 
    select
        w1_0.id,
        w1_0.balance,
        w1_0.user_id,
        w1_0.version,
        w1_0.wallet_name 
    from
        wallets w1_0
2025-11-02 19:01:06 [Test worker] DEBUG org.hibernate.SQL - 
    select
        u1_0.id,
        u1_0.password,
        u1_0.username 
    from
        users u1_0
2025-11-02 19:01:06 [Test worker] DEBUG org.hibernate.SQL - 
    insert 
    into
        users
        (password, username, id) 
    values
        (?, ?, default)
2025-11-02 19:01:06 [Test worker] DEBUG org.hibernate.SQL - 
    insert 
    into
        wallets
        (balance, user_id, version, wallet_name, id) 
    values
        (?, ?, ?, ?, default)
2025-11-02 19:01:06 [Test worker] DEBUG org.hibernate.SQL - 
    insert 
    into
        users
        (password, username, id) 
    values
        (?, ?, default)
2025-11-02 19:01:06 [Test worker] DEBUG org.hibernate.SQL - 
    insert 
    into
        wallets
        (balance, user_id, version, wallet_name, id) 
    values
        (?, ?, ?, ?, default)
2025-11-02 19:01:06 [Test worker] DEBUG org.hibernate.SQL - 
    select
        u1_0.id,
        u1_0.password,
        u1_0.username 
    from
        users u1_0 
    where
        u1_0.username=?
2025-11-02 19:01:06 [Test worker] DEBUG org.hibernate.SQL - 
    select
        w1_0.id,
        w1_0.balance,
        w1_0.user_id,
        w1_0.version,
        w1_0.wallet_name 
    from
        wallets w1_0
2025-11-02 19:01:06 [Test worker] DEBUG org.hibernate.SQL - 
    select
        u1_0.id,
        u1_0.password,
        u1_0.username 
    from
        users u1_0
2025-11-02 19:01:06 [Test worker] DEBUG org.hibernate.SQL - 
    insert 
    into
        users
        (password, username, id) 
    values
        (?, ?, default)
2025-11-02 19:01:06 [Test worker] DEBUG org.hibernate.SQL - 
    insert 
    into
        wallets
        (balance, user_id, version, wallet_name, id) 
    values
        (?, ?, ?, ?, default)
2025-11-02 19:01:06 [Test worker] DEBUG org.hibernate.SQL - 
    insert 
    into
        users
        (password, username, id) 
    values
        (?, ?, default)
2025-11-02 19:01:06 [Test worker] DEBUG org.hibernate.SQL - 
    insert 
    into
        wallets
        (balance, user_id, version, wallet_name, id) 
    values
        (?, ?, ?, ?, default)
2025-11-02 19:01:06 [Test worker] DEBUG org.hibernate.SQL - 
    select
        distinct u1_0.id,
        u1_0.password,
        u1_0.username 
    from
        users u1_0 
    join
        wallets w1_0 
            on u1_0.id=w1_0.user_id 
    where
        w1_0.balance>?
2025-11-02 19:01:06 [Test worker] INFO  o.s.t.c.s.AnnotationConfigContextLoaderUtils - Could not detect default configuration classes for test class [com.example.digitalWalletDemo.repository.WalletRepositoryIntegrationTest]: WalletRepositoryIntegrationTest does not declare any static, non-private, non-final, nested classes annotated with @Configuration.
2025-11-02 19:01:06 [Test worker] INFO  o.s.b.t.c.SpringBootTestContextBootstrapper - Found @SpringBootConfiguration com.example.digitalWalletDemo.DigitalWalletDemoApplication for test class com.example.digitalWalletDemo.repository.WalletRepositoryIntegrationTest
2025-11-02 19:01:06 [Test worker] DEBUG org.hibernate.SQL - 
    select
        w1_0.id,
        w1_0.balance,
        w1_0.user_id,
        w1_0.version,
        w1_0.wallet_name 
    from
        wallets w1_0
2025-11-02 19:01:06 [Test worker] DEBUG org.hibernate.SQL - 
    select
        u1_0.id,
        u1_0.password,
        u1_0.username 
    from
        users u1_0
2025-11-02 19:01:06 [Test worker] DEBUG org.hibernate.SQL - 
    insert 
    into
        users
        (password, username, id) 
    values
        (?, ?, default)
2025-11-02 19:01:06 [Test worker] DEBUG org.hibernate.SQL - 
    insert 
    into
        wallets
        (balance, user_id, version, wallet_name, id) 
    values
        (?, ?, ?, ?, default)
2025-11-02 19:01:06 [Test worker] DEBUG org.hibernate.SQL - 
    insert 
    into
        wallets
        (balance, user_id, version, wallet_name, id) 
    values
        (?, ?, ?, ?, default)
2025-11-02 19:01:06 [Test worker] DEBUG org.hibernate.SQL - 
    select
        w1_0.id,
        w1_0.balance,
        w1_0.user_id,
        w1_0.version,
        w1_0.wallet_name 
    from
        wallets w1_0 
    left join
        users u1_0 
            on u1_0.id=w1_0.user_id 
    where
        u1_0.id=?
2025-11-02 19:01:06 [Test worker] DEBUG org.hibernate.SQL - 
    select
        w1_0.id,
        w1_0.balance,
        w1_0.user_id,
        w1_0.version,
        w1_0.wallet_name 
    from
        wallets w1_0
2025-11-02 19:01:06 [Test worker] DEBUG org.hibernate.SQL - 
    select
        u1_0.id,
        u1_0.password,
        u1_0.username 
    from
        users u1_0
2025-11-02 19:01:06 [Test worker] DEBUG org.hibernate.SQL - 
    insert 
    into
        users
        (password, username, id) 
    values
        (?, ?, default)
2025-11-02 19:01:06 [Test worker] DEBUG org.hibernate.SQL - 
    insert 
    into
        wallets
        (balance, user_id, version, wallet_name, id) 
    values
        (?, ?, ?, ?, default)
2025-11-02 19:01:06 [Test worker] DEBUG org.hibernate.SQL - 
    select
        w1_0.id,
        w1_0.balance,
        w1_0.user_id,
        w1_0.version,
        w1_0.wallet_name 
    from
        wallets w1_0
2025-11-02 19:01:06 [Test worker] DEBUG org.hibernate.SQL - 
    select
        u1_0.id,
        u1_0.password,
        u1_0.username 
    from
        users u1_0
2025-11-02 19:01:06 [Test worker] DEBUG org.hibernate.SQL - 
    insert 
    into
        users
        (password, username, id) 
    values
        (?, ?, default)
2025-11-02 19:01:06 [Test worker] DEBUG org.hibernate.SQL - 
    insert 
    into
        wallets
        (balance, user_id, version, wallet_name, id) 
    values
        (?, ?, ?, ?, default)
2025-11-02 19:01:06 [Test worker] INFO  o.s.t.c.s.AnnotationConfigContextLoaderUtils - Could not detect default configuration classes for test class [com.example.digitalWalletDemo.repository.WalletRepositoryTest]: WalletRepositoryTest does not declare any static, non-private, non-final, nested classes annotated with @Configuration.
2025-11-02 19:01:06 [Test worker] INFO  o.s.b.t.c.SpringBootTestContextBootstrapper - Found @SpringBootConfiguration com.example.digitalWalletDemo.DigitalWalletDemoApplication for test class com.example.digitalWalletDemo.repository.WalletRepositoryTest
2025-11-02 19:01:06 [Test worker] DEBUG org.hibernate.SQL - 
    select
        w1_0.id,
        w1_0.balance,
        w1_0.user_id,
        w1_0.version,
        w1_0.wallet_name 
    from
        wallets w1_0
2025-11-02 19:01:06 [Test worker] DEBUG org.hibernate.SQL - 
    select
        u1_0.id,
        u1_0.password,
        u1_0.username 
    from
        users u1_0
2025-11-02 19:01:06 [Test worker] DEBUG org.hibernate.SQL - 
    insert 
    into
        users
        (password, username, id) 
    values
        (?, ?, default)
2025-11-02 19:01:06 [Test worker] DEBUG org.hibernate.SQL - 
    insert 
    into
        wallets
        (balance, user_id, version, wallet_name, id) 
    values
        (?, ?, ?, ?, default)
2025-11-02 19:01:06 [Test worker] DEBUG org.hibernate.SQL - 
    insert 
    into
        wallets
        (balance, user_id, version, wallet_name, id) 
    values
        (?, ?, ?, ?, default)
2025-11-02 19:01:06 [Test worker] DEBUG org.hibernate.SQL - 
    select
        w1_0.id,
        w1_0.balance,
        w1_0.user_id,
        w1_0.version,
        w1_0.wallet_name 
    from
        wallets w1_0 
    left join
        users u1_0 
            on u1_0.id=w1_0.user_id 
    where
        u1_0.id=?
2025-11-02 19:01:06 [Test worker] DEBUG org.hibernate.SQL - 
    select
        w1_0.id,
        w1_0.balance,
        w1_0.user_id,
        w1_0.version,
        w1_0.wallet_name 
    from
        wallets w1_0
2025-11-02 19:01:06 [Test worker] DEBUG org.hibernate.SQL - 
    select
        u1_0.id,
        u1_0.password,
        u1_0.username 
    from
        users u1_0
2025-11-02 19:01:06 [Test worker] DEBUG org.hibernate.SQL - 
    insert 
    into
        users
        (password, username, id) 
    values
        (?, ?, default)
2025-11-02 19:01:06 [Test worker] DEBUG org.hibernate.SQL - 
    insert 
    into
        wallets
        (balance, user_id, version, wallet_name, id) 
    values
        (?, ?, ?, ?, default)
2025-11-02 19:01:06 [Test worker] DEBUG org.hibernate.SQL - 
    insert 
    into
        wallets
        (balance, user_id, version, wallet_name, id) 
    values
        (?, ?, ?, ?, default)
2025-11-02 19:01:06 [Test worker] DEBUG org.hibernate.SQL - 
    select
        sum(w1_0.balance) 
    from
        wallets w1_0 
    where
        w1_0.user_id=?
2025-11-02 19:01:06 [Test worker] DEBUG org.hibernate.SQL - 
    select
        w1_0.id,
        w1_0.balance,
        w1_0.user_id,
        w1_0.version,
        w1_0.wallet_name 
    from
        wallets w1_0
2025-11-02 19:01:06 [Test worker] DEBUG org.hibernate.SQL - 
    select
        u1_0.id,
        u1_0.password,
        u1_0.username 
    from
        users u1_0
2025-11-02 19:01:06 [Test worker] DEBUG org.hibernate.SQL - 
    insert 
    into
        users
        (password, username, id) 
    values
        (?, ?, default)
2025-11-02 19:01:06 [Test worker] DEBUG org.hibernate.SQL - 
    insert 
    into
        wallets
        (balance, user_id, version, wallet_name, id) 
    values
        (?, ?, ?, ?, default)
2025-11-02 19:01:06 [Test worker] DEBUG org.hibernate.SQL - 
    insert 
    into
        wallets
        (balance, user_id, version, wallet_name, id) 
    values
        (?, ?, ?, ?, default)
2025-11-02 19:01:06 [Test worker] DEBUG org.hibernate.SQL - 
    select
        w1_0.id,
        w1_0.balance,
        w1_0.user_id,
        w1_0.version,
        w1_0.wallet_name 
    from
        wallets w1_0 
    left join
        users u1_0 
            on u1_0.id=w1_0.user_id 
    where
        u1_0.id=?
2025-11-02 19:01:06 [Test worker] DEBUG org.hibernate.SQL - 
    select
        w1_0.id,
        w1_0.balance,
        w1_0.user_id,
        w1_0.version,
        w1_0.wallet_name 
    from
        wallets w1_0
2025-11-02 19:01:06 [Test worker] DEBUG org.hibernate.SQL - 
    select
        u1_0.id,
        u1_0.password,
        u1_0.username 
    from
        users u1_0
2025-11-02 19:01:06 [Test worker] DEBUG org.hibernate.SQL - 
    insert 
    into
        users
        (password, username, id) 
    values
        (?, ?, default)
2025-11-02 19:01:06 [Test worker] DEBUG org.hibernate.SQL - 
    insert 
    into
        wallets
        (balance, user_id, version, wallet_name, id) 
    values
        (?, ?, ?, ?, default)
2025-11-02 19:01:06 [Test worker] DEBUG org.hibernate.SQL - 
    insert 
    into
        wallets
        (balance, user_id, version, wallet_name, id) 
    values
        (?, ?, ?, ?, default)
2025-11-02 19:01:06 [Test worker] DEBUG org.hibernate.SQL - 
    select
        w1_0.id,
        w1_0.wallet_name,
        w1_0.balance 
    from
        wallets w1_0 
    where
        w1_0.user_id=?
2025-11-02 19:01:06 [Test worker] DEBUG org.hibernate.SQL - 
    select
        w1_0.id,
        w1_0.balance,
        w1_0.user_id,
        w1_0.version,
        w1_0.wallet_name 
    from
        wallets w1_0
2025-11-02 19:01:06 [Test worker] DEBUG org.hibernate.SQL - 
    select
        u1_0.id,
        u1_0.password,
        u1_0.username 
    from
        users u1_0
2025-11-02 19:01:06 [Test worker] DEBUG org.hibernate.SQL - 
    insert 
    into
        users
        (password, username, id) 
    values
        (?, ?, default)
2025-11-02 19:01:06 [Test worker] DEBUG org.hibernate.SQL - 
    insert 
    into
        wallets
        (balance, user_id, version, wallet_name, id) 
    values
        (?, ?, ?, ?, default)
2025-11-02 19:01:06 [Test worker] DEBUG org.hibernate.SQL - 
    insert 
    into
        wallets
        (balance, user_id, version, wallet_name, id) 
    values
        (?, ?, ?, ?, default)
2025-11-02 19:01:06 [Test worker] DEBUG org.hibernate.SQL - 
    select
        sum(w1_0.balance) 
    from
        wallets w1_0 
    where
        w1_0.user_id=?
2025-11-02 19:01:06 [Test worker] DEBUG org.hibernate.SQL - 
    select
        w1_0.id,
        w1_0.balance,
        w1_0.user_id,
        w1_0.version,
        w1_0.wallet_name 
    from
        wallets w1_0
2025-11-02 19:01:06 [Test worker] DEBUG org.hibernate.SQL - 
    select
        u1_0.id,
        u1_0.password,
        u1_0.username 
    from
        users u1_0
2025-11-02 19:01:06 [Test worker] DEBUG org.hibernate.SQL - 
    insert 
    into
        users
        (password, username, id) 
    values
        (?, ?, default)
2025-11-02 19:01:06 [Test worker] DEBUG org.hibernate.SQL - 
    insert 
    into
        wallets
        (balance, user_id, version, wallet_name, id) 
    values
        (?, ?, ?, ?, default)
2025-11-02 19:01:06 [Test worker] DEBUG org.hibernate.SQL - 
    insert 
    into
        wallets
        (balance, user_id, version, wallet_name, id) 
    values
        (?, ?, ?, ?, default)
2025-11-02 19:01:06 [Test worker] DEBUG org.hibernate.SQL - 
    select
        w1_0.id,
        w1_0.wallet_name,
        w1_0.balance 
    from
        wallets w1_0 
    where
        w1_0.user_id=?
2025-11-02 19:01:06 [Test worker] DEBUG org.hibernate.SQL - 
    select
        w1_0.id,
        w1_0.balance,
        w1_0.user_id,
        w1_0.version,
        w1_0.wallet_name 
    from
        wallets w1_0
2025-11-02 19:01:06 [Test worker] DEBUG org.hibernate.SQL - 
    select
        u1_0.id,
        u1_0.password,
        u1_0.username 
    from
        users u1_0
2025-11-02 19:01:06 [Test worker] DEBUG org.hibernate.SQL - 
    insert 
    into
        users
        (password, username, id) 
    values
        (?, ?, default)
2025-11-02 19:01:06 [Test worker] DEBUG org.hibernate.SQL - 
    insert 
    into
        wallets
        (balance, user_id, version, wallet_name, id) 
    values
        (?, ?, ?, ?, default)
2025-11-02 19:01:06 [Test worker] DEBUG org.hibernate.SQL - 
    insert 
    into
        wallets
        (balance, user_id, version, wallet_name, id) 
    values
        (?, ?, ?, ?, default)
2025-11-02 19:01:06 [Test worker] DEBUG org.hibernate.SQL - 
    select
        distinct u1_0.id,
        u1_0.password,
        u1_0.username 
    from
        users u1_0 
    join
        wallets w1_0 
            on u1_0.id=w1_0.user_id 
    where
        w1_0.balance>?
2025-11-02 19:01:06 [Test worker] DEBUG org.hibernate.SQL - 
    select
        distinct u1_0.id,
        u1_0.password,
        u1_0.username 
    from
        users u1_0 
    join
        wallets w1_0 
            on u1_0.id=w1_0.user_id 
    where
        w1_0.balance>?
2025-11-02 19:01:06 [Test worker] INFO  c.e.d.service.TransactionService - Fetching transactions for wallet ID 1
2025-11-02 19:01:06 [Test worker] INFO  c.e.d.service.TransactionService - Fetching transactions for wallet ID 1
2025-11-02 19:01:06 [Test worker] INFO  c.e.d.service.TransactionService - Fetching transactions for user 1 from 2024-01-01 to 10-01-2024 with type null
2025-11-02 19:01:06 [Test worker] ERROR c.e.d.service.TransactionService - Invalid date format provided: start=2024-01-01, end=10-01-2024
java.time.format.DateTimeParseException: Text '2024-01-01' could not be parsed at index 2
	at java.base/java.time.format.DateTimeFormatter.parseResolved0(DateTimeFormatter.java:2108)
	at java.base/java.time.format.DateTimeFormatter.parse(DateTimeFormatter.java:2010)
	at java.base/java.time.LocalDate.parse(LocalDate.java:435)
	at com.example.digitalWalletDemo.service.TransactionService.getUserTransactions(TransactionService.java:76)
	at com.example.digitalWalletDemo.service.TransactionServiceTest.testGetUserTransactions_InvalidDateFormat(TransactionServiceTest.java:141)
	at java.base/jdk.internal.reflect.DirectMethodHandleAccessor.invoke(DirectMethodHandleAccessor.java:103)
	at java.base/java.lang.reflect.Method.invoke(Method.java:580)
	at org.junit.platform.commons.util.ReflectionUtils.invokeMethod(ReflectionUtils.java:767)
	at org.junit.jupiter.engine.execution.MethodInvocation.proceed(MethodInvocation.java:60)
	at org.junit.jupiter.engine.execution.InvocationInterceptorChain$ValidatingInvocation.proceed(InvocationInterceptorChain.java:131)
	at org.junit.jupiter.engine.extension.TimeoutExtension.intercept(TimeoutExtension.java:156)
	at org.junit.jupiter.engine.extension.TimeoutExtension.interceptTestableMethod(TimeoutExtension.java:147)
	at org.junit.jupiter.engine.extension.TimeoutExtension.interceptTestMethod(TimeoutExtension.java:86)
	at org.junit.jupiter.engine.execution.InterceptingExecutableInvoker$ReflectiveInterceptorCall.lambda$ofVoidMethod$0(InterceptingExecutableInvoker.java:103)
	at org.junit.jupiter.engine.execution.InterceptingExecutableInvoker.lambda$invoke$0(InterceptingExecutableInvoker.java:93)
	at org.junit.jupiter.engine.execution.InvocationInterceptorChain$InterceptedInvocation.proceed(InvocationInterceptorChain.java:106)
	at org.junit.jupiter.engine.execution.InvocationInterceptorChain.proceed(InvocationInterceptorChain.java:64)
	at org.junit.jupiter.engine.execution.InvocationInterceptorChain.chainAndInvoke(InvocationInterceptorChain.java:45)
	at org.junit.jupiter.engine.execution.InvocationInterceptorChain.invoke(InvocationInterceptorChain.java:37)
	at org.junit.jupiter.engine.execution.InterceptingExecutableInvoker.invoke(InterceptingExecutableInvoker.java:92)
	at org.junit.jupiter.engine.execution.InterceptingExecutableInvoker.invoke(InterceptingExecutableInvoker.java:86)
	at org.junit.jupiter.engine.descriptor.TestMethodTestDescriptor.lambda$invokeTestMethod$8(TestMethodTestDescriptor.java:217)
	at org.junit.platform.engine.support.hierarchical.ThrowableCollector.execute(ThrowableCollector.java:73)
	at org.junit.jupiter.engine.descriptor.TestMethodTestDescriptor.invokeTestMethod(TestMethodTestDescriptor.java:213)
	at org.junit.jupiter.engine.descriptor.TestMethodTestDescriptor.execute(TestMethodTestDescriptor.java:138)
	at org.junit.jupiter.engine.descriptor.TestMethodTestDescriptor.execute(TestMethodTestDescriptor.java:68)
	at org.junit.platform.engine.support.hierarchical.NodeTestTask.lambda$executeRecursively$6(NodeTestTask.java:156)
	at org.junit.platform.engine.support.hierarchical.ThrowableCollector.execute(ThrowableCollector.java:73)
	at org.junit.platform.engine.support.hierarchical.NodeTestTask.lambda$executeRecursively$8(NodeTestTask.java:146)
	at org.junit.platform.engine.support.hierarchical.Node.around(Node.java:137)
	at org.junit.platform.engine.support.hierarchical.NodeTestTask.lambda$executeRecursively$9(NodeTestTask.java:144)
	at org.junit.platform.engine.support.hierarchical.ThrowableCollector.execute(ThrowableCollector.java:73)
	at org.junit.platform.engine.support.hierarchical.NodeTestTask.executeRecursively(NodeTestTask.java:143)
	at org.junit.platform.engine.support.hierarchical.NodeTestTask.execute(NodeTestTask.java:100)
	at java.base/java.util.ArrayList.forEach(ArrayList.java:1596)
	at org.junit.platform.engine.support.hierarchical.SameThreadHierarchicalTestExecutorService.invokeAll(SameThreadHierarchicalTestExecutorService.java:41)
	at org.junit.platform.engine.support.hierarchical.NodeTestTask.lambda$executeRecursively$6(NodeTestTask.java:160)
	at org.junit.platform.engine.support.hierarchical.ThrowableCollector.execute(ThrowableCollector.java:73)
	at org.junit.platform.engine.support.hierarchical.NodeTestTask.lambda$executeRecursively$8(NodeTestTask.java:146)
	at org.junit.platform.engine.support.hierarchical.Node.around(Node.java:137)
	at org.junit.platform.engine.support.hierarchical.NodeTestTask.lambda$executeRecursively$9(NodeTestTask.java:144)
	at org.junit.platform.engine.support.hierarchical.ThrowableCollector.execute(ThrowableCollector.java:73)
	at org.junit.platform.engine.support.hierarchical.NodeTestTask.executeRecursively(NodeTestTask.java:143)
	at org.junit.platform.engine.support.hierarchical.NodeTestTask.execute(NodeTestTask.java:100)
	at java.base/java.util.ArrayList.forEach(ArrayList.java:1596)
	at org.junit.platform.engine.support.hierarchical.SameThreadHierarchicalTestExecutorService.invokeAll(SameThreadHierarchicalTestExecutorService.java:41)
	at org.junit.platform.engine.support.hierarchical.NodeTestTask.lambda$executeRecursively$6(NodeTestTask.java:160)
	at org.junit.platform.engine.support.hierarchical.ThrowableCollector.execute(ThrowableCollector.java:73)
	at org.junit.platform.engine.support.hierarchical.NodeTestTask.lambda$executeRecursively$8(NodeTestTask.java:146)
	at org.junit.platform.engine.support.hierarchical.Node.around(Node.java:137)
	at org.junit.platform.engine.support.hierarchical.NodeTestTask.lambda$executeRecursively$9(NodeTestTask.java:144)
	at org.junit.platform.engine.support.hierarchical.ThrowableCollector.execute(ThrowableCollector.java:73)
	at org.junit.platform.engine.support.hierarchical.NodeTestTask.executeRecursively(NodeTestTask.java:143)
	at org.junit.platform.engine.support.hierarchical.NodeTestTask.execute(NodeTestTask.java:100)
	at org.junit.platform.engine.support.hierarchical.SameThreadHierarchicalTestExecutorService.submit(SameThreadHierarchicalTestExecutorService.java:35)
	at org.junit.platform.engine.support.hierarchical.HierarchicalTestExecutor.execute(HierarchicalTestExecutor.java:57)
	at org.junit.platform.engine.support.hierarchical.HierarchicalTestEngine.execute(HierarchicalTestEngine.java:54)
	at org.junit.platform.launcher.core.EngineExecutionOrchestrator.execute(EngineExecutionOrchestrator.java:198)
	at org.junit.platform.launcher.core.EngineExecutionOrchestrator.execute(EngineExecutionOrchestrator.java:169)
	at org.junit.platform.launcher.core.EngineExecutionOrchestrator.execute(EngineExecutionOrchestrator.java:93)
	at org.junit.platform.launcher.core.EngineExecutionOrchestrator.lambda$execute$0(EngineExecutionOrchestrator.java:58)
	at org.junit.platform.launcher.core.EngineExecutionOrchestrator.withInterceptedStreams(EngineExecutionOrchestrator.java:141)
	at org.junit.platform.launcher.core.EngineExecutionOrchestrator.execute(EngineExecutionOrchestrator.java:57)
	at org.junit.platform.launcher.core.DefaultLauncher.execute(DefaultLauncher.java:103)
	at org.junit.platform.launcher.core.DefaultLauncher.execute(DefaultLauncher.java:85)
	at org.junit.platform.launcher.core.DelegatingLauncher.execute(DelegatingLauncher.java:47)
	at org.gradle.api.internal.tasks.testing.junitplatform.JUnitPlatformTestClassProcessor$CollectAllTestClassesExecutor.processAllTestClasses(JUnitPlatformTestClassProcessor.java:124)
	at org.gradle.api.internal.tasks.testing.junitplatform.JUnitPlatformTestClassProcessor$CollectAllTestClassesExecutor.access$000(JUnitPlatformTestClassProcessor.java:99)
	at org.gradle.api.internal.tasks.testing.junitplatform.JUnitPlatformTestClassProcessor.stop(JUnitPlatformTestClassProcessor.java:94)
	at org.gradle.api.internal.tasks.testing.SuiteTestClassProcessor.stop(SuiteTestClassProcessor.java:63)
	at java.base/jdk.internal.reflect.DirectMethodHandleAccessor.invoke(DirectMethodHandleAccessor.java:103)
	at java.base/java.lang.reflect.Method.invoke(Method.java:580)
	at org.gradle.internal.dispatch.ReflectionDispatch.dispatch(ReflectionDispatch.java:36)
	at org.gradle.internal.dispatch.ReflectionDispatch.dispatch(ReflectionDispatch.java:24)
	at org.gradle.internal.dispatch.ContextClassLoaderDispatch.dispatch(ContextClassLoaderDispatch.java:33)
	at org.gradle.internal.dispatch.ProxyDispatchAdapter$DispatchingInvocationHandler.invoke(ProxyDispatchAdapter.java:92)
	at jdk.proxy1/jdk.proxy1.$Proxy4.stop(Unknown Source)
	at org.gradle.api.internal.tasks.testing.worker.TestWorker$3.run(TestWorker.java:200)
	at org.gradle.api.internal.tasks.testing.worker.TestWorker.executeAndMaintainThreadName(TestWorker.java:132)
	at org.gradle.api.internal.tasks.testing.worker.TestWorker.execute(TestWorker.java:103)
	at org.gradle.api.internal.tasks.testing.worker.TestWorker.execute(TestWorker.java:63)
	at org.gradle.process.internal.worker.child.ActionExecutionWorker.execute(ActionExecutionWorker.java:56)
	at org.gradle.process.internal.worker.child.SystemApplicationClassLoaderWorker.call(SystemApplicationClassLoaderWorker.java:122)
	at org.gradle.process.internal.worker.child.SystemApplicationClassLoaderWorker.call(SystemApplicationClassLoaderWorker.java:72)
	at worker.org.gradle.process.internal.worker.GradleWorkerMain.run(GradleWorkerMain.java:69)
	at worker.org.gradle.process.internal.worker.GradleWorkerMain.main(GradleWorkerMain.java:74)
2025-11-02 19:01:06 [Test worker] INFO  c.e.d.service.TransactionService - Fetching transactions for wallet ID 99
2025-11-02 19:01:06 [Test worker] DEBUG c.e.d.service.TransactionService - Checking limits for wallet 1 [CREDIT]: 2025-11-01T18:30 - 2025-11-02T18:29:59.999999999
2025-11-02 19:01:06 [Test worker] INFO  c.e.d.service.TransactionService - CREDIT transaction within limits. Daily total: 0, Monthly total: 0
2025-11-02 19:01:06 [Test worker] INFO  c.e.d.service.TransactionService - Fetching all transactions
2025-11-02 19:01:06 [Test worker] DEBUG c.e.d.service.TransactionService - Checking limits for wallet 1 [CREDIT]: 2025-11-01T18:30 - 2025-11-02T18:29:59.999999999
2025-11-02 19:01:06 [Test worker] INFO  c.e.d.service.TransactionService - CREDIT transaction within limits. Daily total: 0, Monthly total: 0
2025-11-02 19:01:06 [Test worker] DEBUG c.e.d.service.TransactionService - Checking limits for wallet 1 [CREDIT]: 2025-11-01T18:30 - 2025-11-02T18:29:59.999999999
2025-11-02 19:01:06 [Test worker] INFO  c.e.d.service.TransactionService - Fetching transactions for user 1 from 01-01-2024 to 10-01-2024 with type CREDIT
2025-11-02 19:01:06 [Test worker] DEBUG c.e.d.service.TransactionService - Checking limits for wallet 1 [DEBIT]: 2025-11-01T18:30 - 2025-11-02T18:29:59.999999999
2025-11-02 19:01:06 [Test worker] DEBUG c.e.d.service.TransactionService - Checking limits for wallet 1 [DEBIT]: 2025-11-01T18:30 - 2025-11-02T18:29:59.999999999
2025-11-02 19:01:06 [Test worker] INFO  c.e.d.service.TransactionService - Fetching transactions for user 1 from 01-01-2024 to 10-01-2024 with type INVALID
2025-11-02 19:01:06 [Test worker] ERROR c.e.d.service.TransactionService - Invalid transaction type provided: INVALID
java.lang.IllegalArgumentException: No enum constant com.example.digitalWalletDemo.model.Transaction.Type.INVALID
	at java.base/java.lang.Enum.valueOf(Enum.java:293)
	at com.example.digitalWalletDemo.model.Transaction$Type.valueOf(Transaction.java:38)
	at com.example.digitalWalletDemo.service.TransactionService.getUserTransactions(TransactionService.java:81)
	at com.example.digitalWalletDemo.service.TransactionServiceTest.testGetUserTransactions_InvalidType(TransactionServiceTest.java:150)
	at java.base/jdk.internal.reflect.DirectMethodHandleAccessor.invoke(DirectMethodHandleAccessor.java:103)
	at java.base/java.lang.reflect.Method.invoke(Method.java:580)
	at org.junit.platform.commons.util.ReflectionUtils.invokeMethod(ReflectionUtils.java:767)
	at org.junit.jupiter.engine.execution.MethodInvocation.proceed(MethodInvocation.java:60)
	at org.junit.jupiter.engine.execution.InvocationInterceptorChain$ValidatingInvocation.proceed(InvocationInterceptorChain.java:131)
	at org.junit.jupiter.engine.extension.TimeoutExtension.intercept(TimeoutExtension.java:156)
	at org.junit.jupiter.engine.extension.TimeoutExtension.interceptTestableMethod(TimeoutExtension.java:147)
	at org.junit.jupiter.engine.extension.TimeoutExtension.interceptTestMethod(TimeoutExtension.java:86)
	at org.junit.jupiter.engine.execution.InterceptingExecutableInvoker$ReflectiveInterceptorCall.lambda$ofVoidMethod$0(InterceptingExecutableInvoker.java:103)
	at org.junit.jupiter.engine.execution.InterceptingExecutableInvoker.lambda$invoke$0(InterceptingExecutableInvoker.java:93)
	at org.junit.jupiter.engine.execution.InvocationInterceptorChain$InterceptedInvocation.proceed(InvocationInterceptorChain.java:106)
	at org.junit.jupiter.engine.execution.InvocationInterceptorChain.proceed(InvocationInterceptorChain.java:64)
	at org.junit.jupiter.engine.execution.InvocationInterceptorChain.chainAndInvoke(InvocationInterceptorChain.java:45)
	at org.junit.jupiter.engine.execution.InvocationInterceptorChain.invoke(InvocationInterceptorChain.java:37)
	at org.junit.jupiter.engine.execution.InterceptingExecutableInvoker.invoke(InterceptingExecutableInvoker.java:92)
	at org.junit.jupiter.engine.execution.InterceptingExecutableInvoker.invoke(InterceptingExecutableInvoker.java:86)
	at org.junit.jupiter.engine.descriptor.TestMethodTestDescriptor.lambda$invokeTestMethod$8(TestMethodTestDescriptor.java:217)
	at org.junit.platform.engine.support.hierarchical.ThrowableCollector.execute(ThrowableCollector.java:73)
	at org.junit.jupiter.engine.descriptor.TestMethodTestDescriptor.invokeTestMethod(TestMethodTestDescriptor.java:213)
	at org.junit.jupiter.engine.descriptor.TestMethodTestDescriptor.execute(TestMethodTestDescriptor.java:138)
	at org.junit.jupiter.engine.descriptor.TestMethodTestDescriptor.execute(TestMethodTestDescriptor.java:68)
	at org.junit.platform.engine.support.hierarchical.NodeTestTask.lambda$executeRecursively$6(NodeTestTask.java:156)
	at org.junit.platform.engine.support.hierarchical.ThrowableCollector.execute(ThrowableCollector.java:73)
	at org.junit.platform.engine.support.hierarchical.NodeTestTask.lambda$executeRecursively$8(NodeTestTask.java:146)
	at org.junit.platform.engine.support.hierarchical.Node.around(Node.java:137)
	at org.junit.platform.engine.support.hierarchical.NodeTestTask.lambda$executeRecursively$9(NodeTestTask.java:144)
	at org.junit.platform.engine.support.hierarchical.ThrowableCollector.execute(ThrowableCollector.java:73)
	at org.junit.platform.engine.support.hierarchical.NodeTestTask.executeRecursively(NodeTestTask.java:143)
	at org.junit.platform.engine.support.hierarchical.NodeTestTask.execute(NodeTestTask.java:100)
	at java.base/java.util.ArrayList.forEach(ArrayList.java:1596)
	at org.junit.platform.engine.support.hierarchical.SameThreadHierarchicalTestExecutorService.invokeAll(SameThreadHierarchicalTestExecutorService.java:41)
	at org.junit.platform.engine.support.hierarchical.NodeTestTask.lambda$executeRecursively$6(NodeTestTask.java:160)
	at org.junit.platform.engine.support.hierarchical.ThrowableCollector.execute(ThrowableCollector.java:73)
	at org.junit.platform.engine.support.hierarchical.NodeTestTask.lambda$executeRecursively$8(NodeTestTask.java:146)
	at org.junit.platform.engine.support.hierarchical.Node.around(Node.java:137)
	at org.junit.platform.engine.support.hierarchical.NodeTestTask.lambda$executeRecursively$9(NodeTestTask.java:144)
	at org.junit.platform.engine.support.hierarchical.ThrowableCollector.execute(ThrowableCollector.java:73)
	at org.junit.platform.engine.support.hierarchical.NodeTestTask.executeRecursively(NodeTestTask.java:143)
	at org.junit.platform.engine.support.hierarchical.NodeTestTask.execute(NodeTestTask.java:100)
	at java.base/java.util.ArrayList.forEach(ArrayList.java:1596)
	at org.junit.platform.engine.support.hierarchical.SameThreadHierarchicalTestExecutorService.invokeAll(SameThreadHierarchicalTestExecutorService.java:41)
	at org.junit.platform.engine.support.hierarchical.NodeTestTask.lambda$executeRecursively$6(NodeTestTask.java:160)
	at org.junit.platform.engine.support.hierarchical.ThrowableCollector.execute(ThrowableCollector.java:73)
	at org.junit.platform.engine.support.hierarchical.NodeTestTask.lambda$executeRecursively$8(NodeTestTask.java:146)
	at org.junit.platform.engine.support.hierarchical.Node.around(Node.java:137)
	at org.junit.platform.engine.support.hierarchical.NodeTestTask.lambda$executeRecursively$9(NodeTestTask.java:144)
	at org.junit.platform.engine.support.hierarchical.ThrowableCollector.execute(ThrowableCollector.java:73)
	at org.junit.platform.engine.support.hierarchical.NodeTestTask.executeRecursively(NodeTestTask.java:143)
	at org.junit.platform.engine.support.hierarchical.NodeTestTask.execute(NodeTestTask.java:100)
	at org.junit.platform.engine.support.hierarchical.SameThreadHierarchicalTestExecutorService.submit(SameThreadHierarchicalTestExecutorService.java:35)
	at org.junit.platform.engine.support.hierarchical.HierarchicalTestExecutor.execute(HierarchicalTestExecutor.java:57)
	at org.junit.platform.engine.support.hierarchical.HierarchicalTestEngine.execute(HierarchicalTestEngine.java:54)
	at org.junit.platform.launcher.core.EngineExecutionOrchestrator.execute(EngineExecutionOrchestrator.java:198)
	at org.junit.platform.launcher.core.EngineExecutionOrchestrator.execute(EngineExecutionOrchestrator.java:169)
	at org.junit.platform.launcher.core.EngineExecutionOrchestrator.execute(EngineExecutionOrchestrator.java:93)
	at org.junit.platform.launcher.core.EngineExecutionOrchestrator.lambda$execute$0(EngineExecutionOrchestrator.java:58)
	at org.junit.platform.launcher.core.EngineExecutionOrchestrator.withInterceptedStreams(EngineExecutionOrchestrator.java:141)
	at org.junit.platform.launcher.core.EngineExecutionOrchestrator.execute(EngineExecutionOrchestrator.java:57)
	at org.junit.platform.launcher.core.DefaultLauncher.execute(DefaultLauncher.java:103)
	at org.junit.platform.launcher.core.DefaultLauncher.execute(DefaultLauncher.java:85)
	at org.junit.platform.launcher.core.DelegatingLauncher.execute(DelegatingLauncher.java:47)
	at org.gradle.api.internal.tasks.testing.junitplatform.JUnitPlatformTestClassProcessor$CollectAllTestClassesExecutor.processAllTestClasses(JUnitPlatformTestClassProcessor.java:124)
	at org.gradle.api.internal.tasks.testing.junitplatform.JUnitPlatformTestClassProcessor$CollectAllTestClassesExecutor.access$000(JUnitPlatformTestClassProcessor.java:99)
	at org.gradle.api.internal.tasks.testing.junitplatform.JUnitPlatformTestClassProcessor.stop(JUnitPlatformTestClassProcessor.java:94)
	at org.gradle.api.internal.tasks.testing.SuiteTestClassProcessor.stop(SuiteTestClassProcessor.java:63)
	at java.base/jdk.internal.reflect.DirectMethodHandleAccessor.invoke(DirectMethodHandleAccessor.java:103)
	at java.base/java.lang.reflect.Method.invoke(Method.java:580)
	at org.gradle.internal.dispatch.ReflectionDispatch.dispatch(ReflectionDispatch.java:36)
	at org.gradle.internal.dispatch.ReflectionDispatch.dispatch(ReflectionDispatch.java:24)
	at org.gradle.internal.dispatch.ContextClassLoaderDispatch.dispatch(ContextClassLoaderDispatch.java:33)
	at org.gradle.internal.dispatch.ProxyDispatchAdapter$DispatchingInvocationHandler.invoke(ProxyDispatchAdapter.java:92)
	at jdk.proxy1/jdk.proxy1.$Proxy4.stop(Unknown Source)
	at org.gradle.api.internal.tasks.testing.worker.TestWorker$3.run(TestWorker.java:200)
	at org.gradle.api.internal.tasks.testing.worker.TestWorker.executeAndMaintainThreadName(TestWorker.java:132)
	at org.gradle.api.internal.tasks.testing.worker.TestWorker.execute(TestWorker.java:103)
	at org.gradle.api.internal.tasks.testing.worker.TestWorker.execute(TestWorker.java:63)
	at org.gradle.process.internal.worker.child.ActionExecutionWorker.execute(ActionExecutionWorker.java:56)
	at org.gradle.process.internal.worker.child.SystemApplicationClassLoaderWorker.call(SystemApplicationClassLoaderWorker.java:122)
	at org.gradle.process.internal.worker.child.SystemApplicationClassLoaderWorker.call(SystemApplicationClassLoaderWorker.java:72)
	at worker.org.gradle.process.internal.worker.GradleWorkerMain.run(GradleWorkerMain.java:69)
	at worker.org.gradle.process.internal.worker.GradleWorkerMain.main(GradleWorkerMain.java:74)
2025-11-02 19:01:06 [Test worker] INFO  c.e.d.service.TransactionService - Fetching transactions for user 1 from 01-01-2024 to 10-01-2024 with type null
2025-11-02 19:01:07 [Test worker] INFO  c.e.d.service.UserService - Received request to create user: alice
2025-11-02 19:01:07 [Test worker] WARN  c.e.d.service.UserService - Username 'alice' already exists
2025-11-02 19:01:07 [Test worker] WARN  c.e.d.service.UserService - User with ID 99 not found
2025-11-02 19:01:07 [Test worker] INFO  c.e.d.service.UserService - Received request to create user: alice
2025-11-02 19:01:07 [Test worker] WARN  c.e.d.service.UserService - Validation failed for user 'alice': []
2025-11-02 19:01:07 [Test worker] INFO  c.e.d.service.UserService - Received request to create user: alice
2025-11-02 19:01:07 [Test worker] DEBUG c.e.d.service.UserService - User 'alice' saved with wallet ID null
2025-11-02 19:01:07 [Test worker] INFO  c.e.d.service.UserService - User 'alice' successfully created
2025-11-02 19:01:07 [Test worker] INFO  c.e.d.service.WalletServiceTest - ===== WalletServiceTest Setup Started =====
2025-11-02 19:01:07 [Test worker] INFO  c.e.d.service.WalletServiceTest - ===== WalletServiceTest Setup Completed =====
2025-11-02 19:01:07 [Test worker] INFO  c.e.d.service.WalletService - Debit request - walletId: 1, amount: -100, description: Invalid Withdrawal
2025-11-02 19:01:07 [Test worker] WARN  c.e.d.service.WalletService - Invalid debit amount: -100
2025-11-02 19:01:07 [Test worker] INFO  c.e.d.service.WalletServiceTest - ===== WalletServiceTest Setup Started =====
2025-11-02 19:01:07 [Test worker] INFO  c.e.d.service.WalletServiceTest - ===== WalletServiceTest Setup Completed =====
2025-11-02 19:01:07 [Test worker] INFO  c.e.d.service.WalletService - Debit request - walletId: 77, amount: 300, description: Purchase
2025-11-02 19:01:07 [Test worker] WARN  c.e.d.service.WalletService - Wallet not found: 77
2025-11-02 19:01:07 [Test worker] INFO  c.e.d.service.WalletServiceTest - ===== WalletServiceTest Setup Started =====
2025-11-02 19:01:07 [Test worker] INFO  c.e.d.service.WalletServiceTest - ===== WalletServiceTest Setup Completed =====
2025-11-02 19:01:07 [Test worker] INFO  c.e.d.service.WalletService - Credit request - walletId: 1, amount: 200000, description: Huge Deposit
2025-11-02 19:01:07 [Test worker] WARN  c.e.d.service.WalletService - Credit amount 200000 exceeds max limit 100000.00
2025-11-02 19:01:07 [Test worker] INFO  c.e.d.service.WalletServiceTest - ===== WalletServiceTest Setup Started =====
2025-11-02 19:01:07 [Test worker] INFO  c.e.d.service.WalletServiceTest - ===== WalletServiceTest Setup Completed =====
2025-11-02 19:01:07 [Test worker] INFO  c.e.d.service.WalletService - Credit request - walletId: 99, amount: 500, description: Deposit
2025-11-02 19:01:07 [Test worker] WARN  c.e.d.service.WalletService - Wallet not found: 99
2025-11-02 19:01:07 [Test worker] INFO  c.e.d.service.WalletServiceTest - ===== WalletServiceTest Setup Started =====
2025-11-02 19:01:07 [Test worker] INFO  c.e.d.service.WalletServiceTest - ===== WalletServiceTest Setup Completed =====
2025-11-02 19:01:07 [Test worker] INFO  c.e.d.service.WalletService - Credit request - walletId: 1, amount: 1000, description: Deposit
2025-11-02 19:01:07 [Test worker] ERROR c.e.d.service.WalletService - Credit operation failed (Validation): Daily limit exceeded
2025-11-02 19:01:07 [Test worker] INFO  c.e.d.service.WalletServiceTest - ===== WalletServiceTest Setup Started =====
2025-11-02 19:01:07 [Test worker] INFO  c.e.d.service.WalletServiceTest - ===== WalletServiceTest Setup Completed =====
2025-11-02 19:01:07 [Test worker] INFO  c.e.d.service.WalletService - Credit request - walletId: 1, amount: 200, description: Concurrent deposit
2025-11-02 19:01:07 [Test worker] ERROR c.e.d.service.WalletService - Credit conflict - wallet 1 updated concurrently
2025-11-02 19:01:07 [Test worker] INFO  c.e.d.service.WalletServiceTest - ===== WalletServiceTest Setup Started =====
2025-11-02 19:01:07 [Test worker] INFO  c.e.d.service.WalletServiceTest - ===== WalletServiceTest Setup Completed =====
2025-11-02 19:01:07 [Test worker] INFO  c.e.d.service.WalletService - Debit request - walletId: 1, amount: 500, description: Purchase
2025-11-02 19:01:07 [Test worker] ERROR c.e.d.service.WalletService - Debit operation failed (Validation): Monthly limit exceeded
2025-11-02 19:01:07 [Test worker] INFO  c.e.d.service.WalletServiceTest - ===== WalletServiceTest Setup Started =====
2025-11-02 19:01:07 [Test worker] INFO  c.e.d.service.WalletServiceTest - ===== WalletServiceTest Setup Completed =====
2025-11-02 19:01:07 [Test worker] INFO  c.e.d.service.WalletService - Debit request - walletId: 1, amount: 200, description: Withdraw
2025-11-02 19:01:07 [Test worker] WARN  c.e.d.service.WalletService - Insufficient balance in wallet 1: available 100, requested 200
2025-11-02 19:01:07 [Test worker] INFO  c.e.d.service.WalletServiceTest - ===== WalletServiceTest Setup Started =====
2025-11-02 19:01:07 [Test worker] INFO  c.e.d.service.WalletServiceTest - ===== WalletServiceTest Setup Completed =====
2025-11-02 19:01:07 [Test worker] INFO  c.e.d.service.WalletService - Credit request - walletId: 1, amount: 500, description: Deposit
2025-11-02 19:01:07 [Test worker] INFO  c.e.d.service.WalletService - Credit successful - walletId: 1, new balance: 1500
2025-11-02 19:01:07 [Test worker] INFO  c.e.d.service.WalletServiceTest - ===== WalletServiceTest Setup Started =====
2025-11-02 19:01:07 [Test worker] INFO  c.e.d.service.WalletServiceTest - ===== WalletServiceTest Setup Completed =====
2025-11-02 19:01:07 [Test worker] INFO  c.e.d.service.WalletService - Fetching balance for wallet ID: 1
2025-11-02 19:01:07 [Test worker] DEBUG c.e.d.service.WalletService - Current balance for wallet 1 is 1200
2025-11-02 19:01:07 [Test worker] INFO  c.e.d.service.WalletServiceTest - ===== WalletServiceTest Setup Started =====
2025-11-02 19:01:07 [Test worker] INFO  c.e.d.service.WalletServiceTest - ===== WalletServiceTest Setup Completed =====
2025-11-02 19:01:07 [Test worker] INFO  c.e.d.service.WalletService - Credit request - walletId: 1, amount: null, description: Null Deposit
2025-11-02 19:01:07 [Test worker] WARN  c.e.d.service.WalletService - Invalid credit amount: null
2025-11-02 19:01:07 [Test worker] INFO  c.e.d.service.WalletServiceTest - ===== WalletServiceTest Setup Started =====
2025-11-02 19:01:07 [Test worker] INFO  c.e.d.service.WalletServiceTest - ===== WalletServiceTest Setup Completed =====
2025-11-02 19:01:07 [Test worker] INFO  c.e.d.service.WalletService - Fetching balance for wallet ID: 99
2025-11-02 19:01:07 [Test worker] WARN  c.e.d.service.WalletService - Wallet not found for balance check: 99
2025-11-02 19:01:07 [Test worker] INFO  c.e.d.service.WalletServiceTest - ===== WalletServiceTest Setup Started =====
2025-11-02 19:01:07 [Test worker] INFO  c.e.d.service.WalletServiceTest - ===== WalletServiceTest Setup Completed =====
2025-11-02 19:01:07 [Test worker] INFO  c.e.d.service.WalletService - Debit request - walletId: 1, amount: 300, description: Purchase
2025-11-02 19:01:07 [Test worker] INFO  c.e.d.service.WalletService - Debit successful - walletId: 1, new balance: 700
2025-11-02 19:01:07 [Test worker] INFO  c.e.d.service.WalletServiceTest - ===== WalletServiceTest Setup Started =====
2025-11-02 19:01:07 [Test worker] INFO  c.e.d.service.WalletServiceTest - ===== WalletServiceTest Setup Completed =====
2025-11-02 19:01:07 [Test worker] INFO  c.e.d.service.WalletService - Credit request - walletId: 1, amount: -200, description: Invalid Deposit
2025-11-02 19:01:07 [Test worker] WARN  c.e.d.service.WalletService - Invalid credit amount: -200
2025-11-02 19:01:07 [Test worker] INFO  c.e.d.service.WalletServiceTest - ===== WalletServiceTest Setup Started =====
2025-11-02 19:01:07 [Test worker] INFO  c.e.d.service.WalletServiceTest - ===== WalletServiceTest Setup Completed =====
2025-11-02 19:01:07 [Test worker] INFO  c.e.d.service.WalletService - Credit request - walletId: 1, amount: 100, description: Deposit
2025-11-02 19:01:07 [Test worker] ERROR c.e.d.service.WalletService - Unexpected error during credit for wallet 1: DB connection failed
java.lang.RuntimeException: DB connection failed
	at com.example.digitalWalletDemo.service.WalletService.credit(WalletService.java:102)
	at com.example.digitalWalletDemo.service.WalletServiceTest.testExceptionHandling(WalletServiceTest.java:247)
	at java.base/jdk.internal.reflect.DirectMethodHandleAccessor.invoke(DirectMethodHandleAccessor.java:103)
	at java.base/java.lang.reflect.Method.invoke(Method.java:580)
	at org.junit.platform.commons.util.ReflectionUtils.invokeMethod(ReflectionUtils.java:767)
	at org.junit.jupiter.engine.execution.MethodInvocation.proceed(MethodInvocation.java:60)
	at org.junit.jupiter.engine.execution.InvocationInterceptorChain$ValidatingInvocation.proceed(InvocationInterceptorChain.java:131)
	at org.junit.jupiter.engine.extension.TimeoutExtension.intercept(TimeoutExtension.java:156)
	at org.junit.jupiter.engine.extension.TimeoutExtension.interceptTestableMethod(TimeoutExtension.java:147)
	at org.junit.jupiter.engine.extension.TimeoutExtension.interceptTestMethod(TimeoutExtension.java:86)
	at org.junit.jupiter.engine.execution.InterceptingExecutableInvoker$ReflectiveInterceptorCall.lambda$ofVoidMethod$0(InterceptingExecutableInvoker.java:103)
	at org.junit.jupiter.engine.execution.InterceptingExecutableInvoker.lambda$invoke$0(InterceptingExecutableInvoker.java:93)
	at org.junit.jupiter.engine.execution.InvocationInterceptorChain$InterceptedInvocation.proceed(InvocationInterceptorChain.java:106)
	at org.junit.jupiter.engine.execution.InvocationInterceptorChain.proceed(InvocationInterceptorChain.java:64)
	at org.junit.jupiter.engine.execution.InvocationInterceptorChain.chainAndInvoke(InvocationInterceptorChain.java:45)
	at org.junit.jupiter.engine.execution.InvocationInterceptorChain.invoke(InvocationInterceptorChain.java:37)
	at org.junit.jupiter.engine.execution.InterceptingExecutableInvoker.invoke(InterceptingExecutableInvoker.java:92)
	at org.junit.jupiter.engine.execution.InterceptingExecutableInvoker.invoke(InterceptingExecutableInvoker.java:86)
	at org.junit.jupiter.engine.descriptor.TestMethodTestDescriptor.lambda$invokeTestMethod$8(TestMethodTestDescriptor.java:217)
	at org.junit.platform.engine.support.hierarchical.ThrowableCollector.execute(ThrowableCollector.java:73)
	at org.junit.jupiter.engine.descriptor.TestMethodTestDescriptor.invokeTestMethod(TestMethodTestDescriptor.java:213)
	at org.junit.jupiter.engine.descriptor.TestMethodTestDescriptor.execute(TestMethodTestDescriptor.java:138)
	at org.junit.jupiter.engine.descriptor.TestMethodTestDescriptor.execute(TestMethodTestDescriptor.java:68)
	at org.junit.platform.engine.support.hierarchical.NodeTestTask.lambda$executeRecursively$6(NodeTestTask.java:156)
	at org.junit.platform.engine.support.hierarchical.ThrowableCollector.execute(ThrowableCollector.java:73)
	at org.junit.platform.engine.support.hierarchical.NodeTestTask.lambda$executeRecursively$8(NodeTestTask.java:146)
	at org.junit.platform.engine.support.hierarchical.Node.around(Node.java:137)
	at org.junit.platform.engine.support.hierarchical.NodeTestTask.lambda$executeRecursively$9(NodeTestTask.java:144)
	at org.junit.platform.engine.support.hierarchical.ThrowableCollector.execute(ThrowableCollector.java:73)
	at org.junit.platform.engine.support.hierarchical.NodeTestTask.executeRecursively(NodeTestTask.java:143)
	at org.junit.platform.engine.support.hierarchical.NodeTestTask.execute(NodeTestTask.java:100)
	at java.base/java.util.ArrayList.forEach(ArrayList.java:1596)
	at org.junit.platform.engine.support.hierarchical.SameThreadHierarchicalTestExecutorService.invokeAll(SameThreadHierarchicalTestExecutorService.java:41)
	at org.junit.platform.engine.support.hierarchical.NodeTestTask.lambda$executeRecursively$6(NodeTestTask.java:160)
	at org.junit.platform.engine.support.hierarchical.ThrowableCollector.execute(ThrowableCollector.java:73)
	at org.junit.platform.engine.support.hierarchical.NodeTestTask.lambda$executeRecursively$8(NodeTestTask.java:146)
	at org.junit.platform.engine.support.hierarchical.Node.around(Node.java:137)
	at org.junit.platform.engine.support.hierarchical.NodeTestTask.lambda$executeRecursively$9(NodeTestTask.java:144)
	at org.junit.platform.engine.support.hierarchical.ThrowableCollector.execute(ThrowableCollector.java:73)
	at org.junit.platform.engine.support.hierarchical.NodeTestTask.executeRecursively(NodeTestTask.java:143)
	at org.junit.platform.engine.support.hierarchical.NodeTestTask.execute(NodeTestTask.java:100)
	at java.base/java.util.ArrayList.forEach(ArrayList.java:1596)
	at org.junit.platform.engine.support.hierarchical.SameThreadHierarchicalTestExecutorService.invokeAll(SameThreadHierarchicalTestExecutorService.java:41)
	at org.junit.platform.engine.support.hierarchical.NodeTestTask.lambda$executeRecursively$6(NodeTestTask.java:160)
	at org.junit.platform.engine.support.hierarchical.ThrowableCollector.execute(ThrowableCollector.java:73)
	at org.junit.platform.engine.support.hierarchical.NodeTestTask.lambda$executeRecursively$8(NodeTestTask.java:146)
	at org.junit.platform.engine.support.hierarchical.Node.around(Node.java:137)
	at org.junit.platform.engine.support.hierarchical.NodeTestTask.lambda$executeRecursively$9(NodeTestTask.java:144)
	at org.junit.platform.engine.support.hierarchical.ThrowableCollector.execute(ThrowableCollector.java:73)
	at org.junit.platform.engine.support.hierarchical.NodeTestTask.executeRecursively(NodeTestTask.java:143)
	at org.junit.platform.engine.support.hierarchical.NodeTestTask.execute(NodeTestTask.java:100)
	at org.junit.platform.engine.support.hierarchical.SameThreadHierarchicalTestExecutorService.submit(SameThreadHierarchicalTestExecutorService.java:35)
	at org.junit.platform.engine.support.hierarchical.HierarchicalTestExecutor.execute(HierarchicalTestExecutor.java:57)
	at org.junit.platform.engine.support.hierarchical.HierarchicalTestEngine.execute(HierarchicalTestEngine.java:54)
	at org.junit.platform.launcher.core.EngineExecutionOrchestrator.execute(EngineExecutionOrchestrator.java:198)
	at org.junit.platform.launcher.core.EngineExecutionOrchestrator.execute(EngineExecutionOrchestrator.java:169)
	at org.junit.platform.launcher.core.EngineExecutionOrchestrator.execute(EngineExecutionOrchestrator.java:93)
	at org.junit.platform.launcher.core.EngineExecutionOrchestrator.lambda$execute$0(EngineExecutionOrchestrator.java:58)
	at org.junit.platform.launcher.core.EngineExecutionOrchestrator.withInterceptedStreams(EngineExecutionOrchestrator.java:141)
	at org.junit.platform.launcher.core.EngineExecutionOrchestrator.execute(EngineExecutionOrchestrator.java:57)
	at org.junit.platform.launcher.core.DefaultLauncher.execute(DefaultLauncher.java:103)
	at org.junit.platform.launcher.core.DefaultLauncher.execute(DefaultLauncher.java:85)
	at org.junit.platform.launcher.core.DelegatingLauncher.execute(DelegatingLauncher.java:47)
	at org.gradle.api.internal.tasks.testing.junitplatform.JUnitPlatformTestClassProcessor$CollectAllTestClassesExecutor.processAllTestClasses(JUnitPlatformTestClassProcessor.java:124)
	at org.gradle.api.internal.tasks.testing.junitplatform.JUnitPlatformTestClassProcessor$CollectAllTestClassesExecutor.access$000(JUnitPlatformTestClassProcessor.java:99)
	at org.gradle.api.internal.tasks.testing.junitplatform.JUnitPlatformTestClassProcessor.stop(JUnitPlatformTestClassProcessor.java:94)
	at org.gradle.api.internal.tasks.testing.SuiteTestClassProcessor.stop(SuiteTestClassProcessor.java:63)
	at java.base/jdk.internal.reflect.DirectMethodHandleAccessor.invoke(DirectMethodHandleAccessor.java:103)
	at java.base/java.lang.reflect.Method.invoke(Method.java:580)
	at org.gradle.internal.dispatch.ReflectionDispatch.dispatch(ReflectionDispatch.java:36)
	at org.gradle.internal.dispatch.ReflectionDispatch.dispatch(ReflectionDispatch.java:24)
	at org.gradle.internal.dispatch.ContextClassLoaderDispatch.dispatch(ContextClassLoaderDispatch.java:33)
	at org.gradle.internal.dispatch.ProxyDispatchAdapter$DispatchingInvocationHandler.invoke(ProxyDispatchAdapter.java:92)
	at jdk.proxy1/jdk.proxy1.$Proxy4.stop(Unknown Source)
	at org.gradle.api.internal.tasks.testing.worker.TestWorker$3.run(TestWorker.java:200)
	at org.gradle.api.internal.tasks.testing.worker.TestWorker.executeAndMaintainThreadName(TestWorker.java:132)
	at org.gradle.api.internal.tasks.testing.worker.TestWorker.execute(TestWorker.java:103)
	at org.gradle.api.internal.tasks.testing.worker.TestWorker.execute(TestWorker.java:63)
	at org.gradle.process.internal.worker.child.ActionExecutionWorker.execute(ActionExecutionWorker.java:56)
	at org.gradle.process.internal.worker.child.SystemApplicationClassLoaderWorker.call(SystemApplicationClassLoaderWorker.java:122)
	at org.gradle.process.internal.worker.child.SystemApplicationClassLoaderWorker.call(SystemApplicationClassLoaderWorker.java:72)
	at worker.org.gradle.process.internal.worker.GradleWorkerMain.run(GradleWorkerMain.java:69)
	at worker.org.gradle.process.internal.worker.GradleWorkerMain.main(GradleWorkerMain.java:74)
2025-11-02 19:01:07 [SpringApplicationShutdownHook] INFO  o.s.o.j.LocalContainerEntityManagerFactoryBean - Closing JPA EntityManagerFactory for persistence unit 'default'
2025-11-02 19:01:07 [SpringApplicationShutdownHook] DEBUG org.hibernate.SQL - 
    drop table if exists transactions cascade 
2025-11-02 19:01:07 [SpringApplicationShutdownHook] DEBUG org.hibernate.SQL - 
    drop table if exists users cascade 
2025-11-02 19:01:07 [SpringApplicationShutdownHook] DEBUG org.hibernate.SQL - 
    drop table if exists wallets cascade 
2025-11-02 19:01:07 [SpringApplicationShutdownHook] INFO  com.zaxxer.hikari.HikariDataSource - HikariPool-1 - Shutdown initiated...
2025-11-02 19:01:07 [SpringApplicationShutdownHook] INFO  com.zaxxer.hikari.HikariDataSource - HikariPool-1 - Shutdown completed.
2025-11-02 19:01:07 [SpringApplicationShutdownHook] INFO  o.s.o.j.LocalContainerEntityManagerFactoryBean - Closing JPA EntityManagerFactory for persistence unit 'default'
2025-11-02 19:01:07 [SpringApplicationShutdownHook] INFO  o.s.o.j.LocalContainerEntityManagerFactoryBean - Closing JPA EntityManagerFactory for persistence unit 'default'
2025-11-02 19:01:11 [main] INFO  c.e.d.DigitalWalletDemoApplication - Starting DigitalWalletDemoApplication v0.0.1-SNAPSHOT using Java 21.0.8 with PID 30905 (/Users/shubhamkumar/Desktop/Source/digitalWalletDemo/build/libs/digitalWalletDemo-0.0.1-SNAPSHOT.jar started by shubhamkumar in /Users/shubhamkumar/Desktop/Source/digitalWalletDemo)
2025-11-02 19:01:11 [main] DEBUG c.e.d.DigitalWalletDemoApplication - Running with Spring Boot v3.4.2, Spring v6.2.2
2025-11-02 19:01:11 [main] INFO  c.e.d.DigitalWalletDemoApplication - No active profile set, falling back to 1 default profile: "default"
2025-11-02 19:01:11 [main] INFO  o.s.d.r.c.RepositoryConfigurationDelegate - Bootstrapping Spring Data JPA repositories in DEFAULT mode.
2025-11-02 19:01:11 [main] INFO  o.s.d.r.c.RepositoryConfigurationDelegate - Finished Spring Data repository scanning in 22 ms. Found 3 JPA repository interfaces.
2025-11-02 19:01:12 [main] INFO  o.s.b.w.e.tomcat.TomcatWebServer - Tomcat initialized with port 8086 (http)
2025-11-02 19:01:12 [main] INFO  o.a.catalina.core.StandardService - Starting service [Tomcat]
2025-11-02 19:01:12 [main] INFO  o.a.catalina.core.StandardEngine - Starting Servlet engine: [Apache Tomcat/10.1.34]
2025-11-02 19:01:12 [main] INFO  o.a.c.c.C.[Tomcat].[localhost].[/] - Initializing Spring embedded WebApplicationContext
2025-11-02 19:01:12 [main] INFO  o.s.b.w.s.c.ServletWebServerApplicationContext - Root WebApplicationContext: initialization completed in 944 ms
2025-11-02 19:01:12 [main] INFO  o.h.jpa.internal.util.LogHelper - HHH000204: Processing PersistenceUnitInfo [name: default]
2025-11-02 19:01:12 [main] INFO  org.hibernate.Version - HHH000412: Hibernate ORM core version 6.6.5.Final
2025-11-02 19:01:12 [main] INFO  o.h.c.i.RegionFactoryInitiator - HHH000026: Second-level cache disabled
2025-11-02 19:01:12 [main] INFO  o.s.o.j.p.SpringPersistenceUnitInfo - No LoadTimeWeaver setup: ignoring JPA class transformer
2025-11-02 19:01:12 [main] INFO  com.zaxxer.hikari.HikariDataSource - HikariPool-1 - Starting...
2025-11-02 19:01:12 [main] INFO  com.zaxxer.hikari.pool.HikariPool - HikariPool-1 - Added connection com.mysql.cj.jdbc.ConnectionImpl@2dc73024
2025-11-02 19:01:12 [main] INFO  com.zaxxer.hikari.HikariDataSource - HikariPool-1 - Start completed.
2025-11-02 19:01:12 [main] INFO  o.hibernate.orm.connections.pooling - HHH10001005: Database info:
	Database JDBC URL [Connecting through datasource 'HikariDataSource (HikariPool-1)']
	Database driver: undefined/unknown
	Database version: 9.4
	Autocommit mode: undefined/unknown
	Isolation level: undefined/unknown
	Minimum pool size: undefined/unknown
	Maximum pool size: undefined/unknown
2025-11-02 19:01:13 [main] INFO  o.h.e.t.j.p.i.JtaPlatformInitiator - HHH000489: No JTA platform available (set 'hibernate.transaction.jta.platform' to enable JTA platform integration)
2025-11-02 19:01:13 [main] INFO  o.s.o.j.LocalContainerEntityManagerFactoryBean - Initialized JPA EntityManagerFactory for persistence unit 'default'
2025-11-02 19:01:13 [main] INFO  o.s.d.j.r.query.QueryEnhancerFactory - Hibernate is in classpath; If applicable, HQL parser will be used.
2025-11-02 19:01:14 [main] WARN  o.s.b.a.o.j.JpaBaseConfiguration$JpaWebConfiguration - spring.jpa.open-in-view is enabled by default. Therefore, database queries may be performed during view rendering. Explicitly configure spring.jpa.open-in-view to disable this warning
2025-11-02 19:01:15 [main] INFO  o.s.b.a.e.web.EndpointLinksResolver - Exposing 15 endpoints beneath base path '/actuator'
2025-11-02 19:01:15 [main] INFO  o.s.b.w.e.tomcat.TomcatWebServer - Tomcat started on port 8086 (http) with context path '/'
2025-11-02 19:01:15 [main] INFO  c.e.d.DigitalWalletDemoApplication - Started DigitalWalletDemoApplication in 4.042 seconds (process running for 4.37)
2025-11-02 19:01:24 [SpringApplicationShutdownHook] INFO  o.s.b.w.e.tomcat.GracefulShutdown - Commencing graceful shutdown. Waiting for active requests to complete
2025-11-02 19:01:24 [tomcat-shutdown] INFO  o.s.b.w.e.tomcat.GracefulShutdown - Graceful shutdown complete
2025-11-02 19:01:24 [SpringApplicationShutdownHook] INFO  o.s.o.j.LocalContainerEntityManagerFactoryBean - Closing JPA EntityManagerFactory for persistence unit 'default'
2025-11-02 19:01:24 [SpringApplicationShutdownHook] INFO  com.zaxxer.hikari.HikariDataSource - HikariPool-1 - Shutdown initiated...
2025-11-02 19:01:24 [SpringApplicationShutdownHook] INFO  com.zaxxer.hikari.HikariDataSource - HikariPool-1 - Shutdown completed.
